Using pre-set license
Built from '2020.3/staging' branch; Version is '2020.3.16f1 (049d6eca3c44) revision 302446'; Using compiler version '192528614'; Build Type 'Release'
OS: 'Windows 10 Pro; OS build 22000.613; Version 2009; 64bit' Language: 'en' Physical Memory: 65410 MB
BatchMode: 1, IsHumanControllingUs: 0, StartBugReporterOnCrash: 0, Is64bit: 1, IsPro: 0

 COMMAND LINE ARGUMENTS:
E:\unityHub\2020.3.16f1\Editor\Unity.exe
-adb2
-batchMode
-noUpm
-name
AssetImportWorker0
-projectPath
E:/school/Spring 2022/370 GameDev/GitEscape/JumpersEscape/JumpersEscape2.0
-logFile
Logs/AssetImportWorker0.log
-srvPort
53009
Successfully changed project path to: E:/school/Spring 2022/370 GameDev/GitEscape/JumpersEscape/JumpersEscape2.0
E:/school/Spring 2022/370 GameDev/GitEscape/JumpersEscape/JumpersEscape2.0
Using Asset Import Pipeline V2.
Refreshing native plugins compatible for Editor in 57.96 ms, found 2 plugins.
Preloading 0 native plugins for Editor in 0.00 ms.
Initialize engine version: 2020.3.16f1 (049d6eca3c44)
[Subsystems] Discovering subsystems at path E:/unityHub/2020.3.16f1/Editor/Data/Resources/UnitySubsystems
[Subsystems] Discovering subsystems at path E:/school/Spring 2022/370 GameDev/GitEscape/JumpersEscape/JumpersEscape2.0/Assets
GfxDevice: creating device client; threaded=0
Direct3D:
    Version:  Direct3D 11.0 [level 11.1]
    Renderer: NVIDIA GeForce GTX 1660 Ti (ID=0x2191)
    Vendor:   
    VRAM:     5991 MB
    Driver:   30.0.15.1179
Shader 'Universal Render Pipeline/Particles/Lit': fallback shader 'Universal Render Pipeline/Particles/SimpleLit' not found
Initialize mono
Mono path[0] = 'E:/unityHub/2020.3.16f1/Editor/Data/Managed'
Mono path[1] = 'E:/unityHub/2020.3.16f1/Editor/Data/MonoBleedingEdge/lib/mono/unityjit'
Mono config path = 'E:/unityHub/2020.3.16f1/Editor/Data/MonoBleedingEdge/etc'
Using monoOptions --debugger-agent=transport=dt_socket,embedding=1,server=y,suspend=n,address=127.0.0.1:56780
Begin MonoManager ReloadAssembly
Registering precompiled unity dll's ...
Register platform support module: E:/unityHub/2020.3.16f1/Editor/Data/PlaybackEngines/WindowsStandaloneSupport/UnityEditor.WindowsStandalone.Extensions.dll
Registered in 0.001157 seconds.
Native extension for WindowsStandalone target not found
Refreshing native plugins compatible for Editor in 91.29 ms, found 2 plugins.
Preloading 0 native plugins for Editor in 0.00 ms.
Mono: successfully reloaded assembly
- Completed reload, in  1.732 seconds
Domain Reload Profiling:
	ReloadAssembly (1732ms)
		BeginReloadAssembly (90ms)
			ExecutionOrderSort (0ms)
			DisableScriptedObjects (0ms)
			BackupInstance (0ms)
			ReleaseScriptingObjects (0ms)
			CreateAndSetChildDomain (1ms)
		EndReloadAssembly (662ms)
			LoadAssemblies (89ms)
			RebuildTransferFunctionScriptingTraits (0ms)
			SetupTypeCache (240ms)
			ReleaseScriptCaches (0ms)
			RebuildScriptCaches (54ms)
			SetupLoadedEditorAssemblies (261ms)
				LogAssemblyErrors (0ms)
				InitializePlatformSupportModulesInManaged (7ms)
				SetLoadedEditorAssemblies (0ms)
				RefreshPlugins (91ms)
				BeforeProcessingInitializeOnLoad (21ms)
				ProcessInitializeOnLoadAttributes (100ms)
				ProcessInitializeOnLoadMethodAttributes (41ms)
				AfterProcessingInitializeOnLoad (0ms)
				EditorAssembliesLoaded (0ms)
			ExecutionOrderSort2 (0ms)
			AwakeInstancesAfterBackupRestoration (0ms)
Platform modules already initialized, skipping
Registering precompiled user dll's ...
Registered in 0.004731 seconds.
Begin MonoManager ReloadAssembly
Symbol file data-000002686EDE7020 doesn't match image E:\school\Spring 2022\370 GameDev\GitEscape\JumpersEscape\JumpersEscape2.0\Library\ScriptAssemblies\Unity.ShaderGraph.Editor.dll
Symbol file LoadedFromMemory is not a mono symbol file
Symbol file data-0000026870347060 doesn't match image E:\school\Spring 2022\370 GameDev\GitEscape\JumpersEscape\JumpersEscape2.0\Library\ScriptAssemblies\Unity.VSCode.Editor.dll
Symbol file LoadedFromMemory is not a mono symbol file
Symbol file data-00000268708068E0 doesn't match image E:\school\Spring 2022\370 GameDev\GitEscape\JumpersEscape\JumpersEscape2.0\Library\ScriptAssemblies\Unity.RenderPipelines.Universal.Shaders.dll
Symbol file LoadedFromMemory is not a mono symbol file
Symbol file data-000002686A814010 doesn't match image E:\school\Spring 2022\370 GameDev\GitEscape\JumpersEscape\JumpersEscape2.0\Library\ScriptAssemblies\Unity.RenderPipelines.Universal.Editor.dll
Symbol file LoadedFromMemory is not a mono symbol file
Symbol file data-000002686A814010 doesn't match image E:\school\Spring 2022\370 GameDev\GitEscape\JumpersEscape\JumpersEscape2.0\Library\ScriptAssemblies\Unity.RenderPipelines.Universal.Runtime.dll
Symbol file LoadedFromMemory is not a mono symbol file
Symbol file data-000002686FCE5A20 doesn't match image E:\school\Spring 2022\370 GameDev\GitEscape\JumpersEscape\JumpersEscape2.0\Library\ScriptAssemblies\Unity.TextMeshPro.Editor.dll
Symbol file LoadedFromMemory is not a mono symbol file
Symbol file data-000002686AB3B000 doesn't match image E:\school\Spring 2022\370 GameDev\GitEscape\JumpersEscape\JumpersEscape2.0\Library\ScriptAssemblies\Unity.VisualStudio.Editor.dll
Symbol file LoadedFromMemory is not a mono symbol file
Symbol file data-000002686F2FF220 doesn't match image E:\school\Spring 2022\370 GameDev\GitEscape\JumpersEscape\JumpersEscape2.0\Library\ScriptAssemblies\UnityEngine.TestRunner.dll
Symbol file LoadedFromMemory is not a mono symbol file
Symbol file data-00000268708054E0 doesn't match image E:\school\Spring 2022\370 GameDev\GitEscape\JumpersEscape\JumpersEscape2.0\Library\ScriptAssemblies\Unity.RenderPipeline.Universal.ShaderLibrary.dll
Symbol file LoadedFromMemory is not a mono symbol file
Symbol file data-000002686F6D1010 doesn't match image E:\school\Spring 2022\370 GameDev\GitEscape\JumpersEscape\JumpersEscape2.0\Library\ScriptAssemblies\Unity.Timeline.Editor.dll
Symbol file LoadedFromMemory is not a mono symbol file
Symbol file data-000002686A82E220 doesn't match image E:\school\Spring 2022\370 GameDev\GitEscape\JumpersEscape\JumpersEscape2.0\Library\ScriptAssemblies\Unity.Timeline.dll
Symbol file LoadedFromMemory is not a mono symbol file
Symbol file data-0000026870805AE0 doesn't match image E:\school\Spring 2022\370 GameDev\GitEscape\JumpersEscape\JumpersEscape2.0\Library\ScriptAssemblies\Unity.RenderPipelines.ShaderGraph.ShaderGraphLibrary.dll
Symbol file LoadedFromMemory is not a mono symbol file
Symbol file data-000002686FC9E9C0 doesn't match image E:\school\Spring 2022\370 GameDev\GitEscape\JumpersEscape\JumpersEscape2.0\Library\ScriptAssemblies\Unity.TextMeshPro.dll
Symbol file LoadedFromMemory is not a mono symbol file
Symbol file data-000002686A82E220 doesn't match image E:\school\Spring 2022\370 GameDev\GitEscape\JumpersEscape\JumpersEscape2.0\Library\ScriptAssemblies\Unity.CollabProxy.Editor.dll
Symbol file LoadedFromMemory is not a mono symbol file
Symbol file data-000002686A59EB00 doesn't match image E:\school\Spring 2022\370 GameDev\GitEscape\JumpersEscape\JumpersEscape2.0\Library\ScriptAssemblies\Unity.Mathematics.Editor.dll
Symbol file LoadedFromMemory is not a mono symbol file
Symbol file data-000002686B165050 doesn't match image E:\school\Spring 2022\370 GameDev\GitEscape\JumpersEscape\JumpersEscape2.0\Library\ScriptAssemblies\Unity.Searcher.Editor.dll
Symbol file LoadedFromMemory is not a mono symbol file
Symbol file data-000002686F6D1010 doesn't match image E:\school\Spring 2022\370 GameDev\GitEscape\JumpersEscape\JumpersEscape2.0\Library\ScriptAssemblies\UnityEditor.TestRunner.dll
Symbol file LoadedFromMemory is not a mono symbol file
Symbol file data-000002686F274010 doesn't match image E:\school\Spring 2022\370 GameDev\GitEscape\JumpersEscape\JumpersEscape2.0\Library\ScriptAssemblies\Unity.RenderPipelines.Core.Runtime.dll
Symbol file LoadedFromMemory is not a mono symbol file
Symbol file data-000002687033E2A0 doesn't match image E:\school\Spring 2022\370 GameDev\GitEscape\JumpersEscape\JumpersEscape2.0\Library\ScriptAssemblies\Unity.ShaderGraph.Utilities.dll
Symbol file LoadedFromMemory is not a mono symbol file
Symbol file data-000002686B09ACB0 doesn't match image E:\school\Spring 2022\370 GameDev\GitEscape\JumpersEscape\JumpersEscape2.0\Library\ScriptAssemblies\UnityEditor.UI.dll
Symbol file LoadedFromMemory is not a mono symbol file
Symbol file data-000002686F288A20 doesn't match image E:\school\Spring 2022\370 GameDev\GitEscape\JumpersEscape\JumpersEscape2.0\Library\ScriptAssemblies\Unity.PlasticSCM.Editor.dll
Symbol file LoadedFromMemory is not a mono symbol file
Symbol file data-000002686A706CD0 doesn't match image E:\school\Spring 2022\370 GameDev\GitEscape\JumpersEscape\JumpersEscape2.0\Library\ScriptAssemblies\Unity.Rider.Editor.dll
Symbol file LoadedFromMemory is not a mono symbol file
Symbol file data-000002686F305780 doesn't match image E:\school\Spring 2022\370 GameDev\GitEscape\JumpersEscape\JumpersEscape2.0\Library\ScriptAssemblies\Unity.RenderPipelines.Core.ShaderLibrary.dll
Symbol file LoadedFromMemory is not a mono symbol file
Symbol file data-000002686F29A630 doesn't match image E:\school\Spring 2022\370 GameDev\GitEscape\JumpersEscape\JumpersEscape2.0\Library\ScriptAssemblies\UnityEngine.UI.dll
Symbol file LoadedFromMemory is not a mono symbol file
Symbol file data-000002686F29A630 doesn't match image E:\school\Spring 2022\370 GameDev\GitEscape\JumpersEscape\JumpersEscape2.0\Library\ScriptAssemblies\Unity.RenderPipelines.Core.Editor.dll
Symbol file LoadedFromMemory is not a mono symbol file
Symbol file data-000002686AACEDB0 doesn't match image E:\school\Spring 2022\370 GameDev\GitEscape\JumpersEscape\JumpersEscape2.0\Library\ScriptAssemblies\Unity.Mathematics.dll
Symbol file LoadedFromMemory is not a mono symbol file
Native extension for WindowsStandalone target not found
Refreshing native plugins compatible for Editor in 73.58 ms, found 2 plugins.
Preloading 0 native plugins for Editor in 0.00 ms.
Mono: successfully reloaded assembly
- Completed reload, in  1.935 seconds
Domain Reload Profiling:
	ReloadAssembly (1937ms)
		BeginReloadAssembly (204ms)
			ExecutionOrderSort (0ms)
			DisableScriptedObjects (6ms)
			BackupInstance (0ms)
			ReleaseScriptingObjects (0ms)
			CreateAndSetChildDomain (24ms)
		EndReloadAssembly (1648ms)
			LoadAssemblies (145ms)
			RebuildTransferFunctionScriptingTraits (0ms)
			SetupTypeCache (430ms)
			ReleaseScriptCaches (1ms)
			RebuildScriptCaches (75ms)
			SetupLoadedEditorAssemblies (842ms)
				LogAssemblyErrors (0ms)
				InitializePlatformSupportModulesInManaged (4ms)
				SetLoadedEditorAssemblies (0ms)
				RefreshPlugins (74ms)
				BeforeProcessingInitializeOnLoad (93ms)
				ProcessInitializeOnLoadAttributes (658ms)
				ProcessInitializeOnLoadMethodAttributes (9ms)
				AfterProcessingInitializeOnLoad (4ms)
				EditorAssembliesLoaded (1ms)
			ExecutionOrderSort2 (0ms)
			AwakeInstancesAfterBackupRestoration (9ms)
Platform modules already initialized, skipping
========================================================================
Worker process is ready to serve import requests
Shader 'Universal Render Pipeline/Particles/Lit': fallback shader 'Universal Render Pipeline/Particles/SimpleLit' not found
Launched and connected shader compiler UnityShaderCompiler.exe after 0.08 seconds
Refreshing native plugins compatible for Editor in 0.64 ms, found 2 plugins.
Preloading 0 native plugins for Editor in 0.00 ms.
Unloading 2719 Unused Serialized files (Serialized files now loaded: 0)
System memory in use before: 194.6 MB.
System memory in use after: 194.8 MB.

Unloading 19 unused Assets to reduce memory usage. Loaded Objects now: 3156.
Total: 4.844400 ms (FindLiveObjects: 0.328700 ms CreateObjectMapping: 0.170400 ms MarkObjects: 4.232200 ms  DeleteObjects: 0.111500 ms)

AssetImportParameters requested are different than current active one (requested -> active):
  custom:framework-win-MediaFoundation: 216162199b28c13a410421893ffa2e32 -> 
  custom:video-decoder-ogg-theora: a1e56fd34408186e4bbccfd4996cb3dc -> 
  custom:container-muxer-webm: aa71ff27fc2769a1b78a27578f13a17b -> 
  custom:container-demuxer-webm: 4f35f7cbe854078d1ac9338744f61a02 -> 
  custom:container-demuxer-ogg: 62fdf1f143b41e24485cea50d1cbac27 -> 
  custom:video-encoder-webm-vp8: eb34c28f22e8b96e1ab97ce403110664 -> 
  custom:video-codec-MediaFoundation-h265: 746d11721c4dcdbdad8f713fa42b33f4 -> 
  custom:video-decoder-webm-vp8: 9c59270c3fd7afecdb556c50c9e8de78 -> 
  custom:audio-decoder-ogg-vorbis: bf7c407c2cedff20999df2af8eb42d56 -> 
  custom:audio-encoder-webm-vorbis: bf7c407c2cedff20999df2af8eb42d56 -> 
========================================================================
Received Import Request.
  path: Assets/Scripts/SpeedUpToken.cs
  artifactKey: Guid(b734916f1d64f85409bf69bba2a0e677) Importer(815301076,1909f56bfc062723c751e8b465ee728b)
Start importing Assets/Scripts/SpeedUpToken.cs using Guid(b734916f1d64f85409bf69bba2a0e677) Importer(815301076,1909f56bfc062723c751e8b465ee728b)  -> (artifact id: '7f2bf8c3f336dc593708d9755050e1c9') in 0.053534 seconds 
  Import took 0.058719 seconds .

========================================================================
Received Import Request.
  Time since last request: 85.068976 seconds.
  path: Assets/Scripts/SpeedUpToken.cs
  artifactKey: Guid(b734916f1d64f85409bf69bba2a0e677) Importer(815301076,1909f56bfc062723c751e8b465ee728b)
Start importing Assets/Scripts/SpeedUpToken.cs using Guid(b734916f1d64f85409bf69bba2a0e677) Importer(815301076,1909f56bfc062723c751e8b465ee728b)  -> (artifact id: '2e5724ecf13ae34aec21a58e1673b086') in 0.004388 seconds 
  Import took 0.009746 seconds .

========================================================================
Received Import Request.
  Time since last request: 10.254738 seconds.
  path: Assets/Scripts/SpeedUpToken.cs
  artifactKey: Guid(b734916f1d64f85409bf69bba2a0e677) Importer(815301076,1909f56bfc062723c751e8b465ee728b)
Start importing Assets/Scripts/SpeedUpToken.cs using Guid(b734916f1d64f85409bf69bba2a0e677) Importer(815301076,1909f56bfc062723c751e8b465ee728b)  -> (artifact id: '038b63b4827b038327522018042fd6c8') in 0.004604 seconds 
  Import took 0.009213 seconds .

========================================================================
Received Prepare
Registering precompiled user dll's ...
Registered in 0.008804 seconds.
Begin MonoManager ReloadAssembly
Symbol file data-000002686EDE7020 doesn't match image E:\school\Spring 2022\370 GameDev\GitEscape\JumpersEscape\JumpersEscape2.0\Library\ScriptAssemblies\Unity.ShaderGraph.Editor.dll
Symbol file LoadedFromMemory is not a mono symbol file
Symbol file data-000002686A6F9040 doesn't match image E:\school\Spring 2022\370 GameDev\GitEscape\JumpersEscape\JumpersEscape2.0\Library\ScriptAssemblies\Unity.VSCode.Editor.dll
Symbol file LoadedFromMemory is not a mono symbol file
Symbol file data-000002686A941070 doesn't match image E:\school\Spring 2022\370 GameDev\GitEscape\JumpersEscape\JumpersEscape2.0\Library\ScriptAssemblies\Unity.RenderPipelines.Universal.Shaders.dll
Symbol file LoadedFromMemory is not a mono symbol file
Symbol file data-00000268734AA010 doesn't match image E:\school\Spring 2022\370 GameDev\GitEscape\JumpersEscape\JumpersEscape2.0\Library\ScriptAssemblies\Unity.RenderPipelines.Universal.Editor.dll
Symbol file LoadedFromMemory is not a mono symbol file
Symbol file data-000002686F392500 doesn't match image E:\school\Spring 2022\370 GameDev\GitEscape\JumpersEscape\JumpersEscape2.0\Library\ScriptAssemblies\Unity.RenderPipelines.Universal.Runtime.dll
Symbol file LoadedFromMemory is not a mono symbol file
Symbol file data-0000026870459010 doesn't match image E:\school\Spring 2022\370 GameDev\GitEscape\JumpersEscape\JumpersEscape2.0\Library\ScriptAssemblies\Unity.TextMeshPro.Editor.dll
Symbol file LoadedFromMemory is not a mono symbol file
Symbol file data-0000026870805490 doesn't match image E:\school\Spring 2022\370 GameDev\GitEscape\JumpersEscape\JumpersEscape2.0\Library\ScriptAssemblies\Unity.VisualStudio.Editor.dll
Symbol file LoadedFromMemory is not a mono symbol file
Symbol file data-0000026870459010 doesn't match image E:\school\Spring 2022\370 GameDev\GitEscape\JumpersEscape\JumpersEscape2.0\Library\ScriptAssemblies\UnityEngine.TestRunner.dll
Symbol file LoadedFromMemory is not a mono symbol file
Symbol file data-000002686A941070 doesn't match image E:\school\Spring 2022\370 GameDev\GitEscape\JumpersEscape\JumpersEscape2.0\Library\ScriptAssemblies\Unity.RenderPipeline.Universal.ShaderLibrary.dll
Symbol file LoadedFromMemory is not a mono symbol file
Symbol file data-000002686F003010 doesn't match image E:\school\Spring 2022\370 GameDev\GitEscape\JumpersEscape\JumpersEscape2.0\Library\ScriptAssemblies\Unity.Timeline.Editor.dll
Symbol file LoadedFromMemory is not a mono symbol file
Symbol file data-0000026870459010 doesn't match image E:\school\Spring 2022\370 GameDev\GitEscape\JumpersEscape\JumpersEscape2.0\Library\ScriptAssemblies\Unity.Timeline.dll
Symbol file LoadedFromMemory is not a mono symbol file
Symbol file data-000002686A942A70 doesn't match image E:\school\Spring 2022\370 GameDev\GitEscape\JumpersEscape\JumpersEscape2.0\Library\ScriptAssemblies\Unity.RenderPipelines.ShaderGraph.ShaderGraphLibrary.dll
Symbol file LoadedFromMemory is not a mono symbol file
Symbol file data-0000026870730010 doesn't match image E:\school\Spring 2022\370 GameDev\GitEscape\JumpersEscape\JumpersEscape2.0\Library\ScriptAssemblies\Unity.TextMeshPro.dll
Symbol file LoadedFromMemory is not a mono symbol file
Symbol file data-0000026870459010 doesn't match image E:\school\Spring 2022\370 GameDev\GitEscape\JumpersEscape\JumpersEscape2.0\Library\ScriptAssemblies\Unity.CollabProxy.Editor.dll
Symbol file LoadedFromMemory is not a mono symbol file
Symbol file data-0000026873E6EB80 doesn't match image E:\school\Spring 2022\370 GameDev\GitEscape\JumpersEscape\JumpersEscape2.0\Library\ScriptAssemblies\Unity.Mathematics.Editor.dll
Symbol file LoadedFromMemory is not a mono symbol file
Symbol file data-000002687394A620 doesn't match image E:\school\Spring 2022\370 GameDev\GitEscape\JumpersEscape\JumpersEscape2.0\Library\ScriptAssemblies\Unity.Searcher.Editor.dll
Symbol file LoadedFromMemory is not a mono symbol file
Symbol file data-000002686ADA5120 doesn't match image E:\school\Spring 2022\370 GameDev\GitEscape\JumpersEscape\JumpersEscape2.0\Library\ScriptAssemblies\UnityEditor.TestRunner.dll
Symbol file LoadedFromMemory is not a mono symbol file
Symbol file data-000002686FCFF6F0 doesn't match image E:\school\Spring 2022\370 GameDev\GitEscape\JumpersEscape\JumpersEscape2.0\Library\ScriptAssemblies\Unity.RenderPipelines.Core.Runtime.dll
Symbol file LoadedFromMemory is not a mono symbol file
Symbol file data-000002687033E730 doesn't match image E:\school\Spring 2022\370 GameDev\GitEscape\JumpersEscape\JumpersEscape2.0\Library\ScriptAssemblies\Unity.ShaderGraph.Utilities.dll
Symbol file LoadedFromMemory is not a mono symbol file
Symbol file data-0000026870805490 doesn't match image E:\school\Spring 2022\370 GameDev\GitEscape\JumpersEscape\JumpersEscape2.0\Library\ScriptAssemblies\UnityEditor.UI.dll
Symbol file LoadedFromMemory is not a mono symbol file
Symbol file data-000002686EE5B020 doesn't match image E:\school\Spring 2022\370 GameDev\GitEscape\JumpersEscape\JumpersEscape2.0\Library\ScriptAssemblies\Unity.PlasticSCM.Editor.dll
Symbol file LoadedFromMemory is not a mono symbol file
Symbol file data-000002686F8B4020 doesn't match image E:\school\Spring 2022\370 GameDev\GitEscape\JumpersEscape\JumpersEscape2.0\Library\ScriptAssemblies\Unity.Rider.Editor.dll
Symbol file LoadedFromMemory is not a mono symbol file
Symbol file data-00000268707FB9D0 doesn't match image E:\school\Spring 2022\370 GameDev\GitEscape\JumpersEscape\JumpersEscape2.0\Library\ScriptAssemblies\Unity.RenderPipelines.Core.ShaderLibrary.dll
Symbol file LoadedFromMemory is not a mono symbol file
Symbol file data-000002686F392500 doesn't match image E:\school\Spring 2022\370 GameDev\GitEscape\JumpersEscape\JumpersEscape2.0\Library\ScriptAssemblies\UnityEngine.UI.dll
Symbol file LoadedFromMemory is not a mono symbol file
Symbol file data-000002686F392500 doesn't match image E:\school\Spring 2022\370 GameDev\GitEscape\JumpersEscape\JumpersEscape2.0\Library\ScriptAssemblies\Unity.RenderPipelines.Core.Editor.dll
Symbol file LoadedFromMemory is not a mono symbol file
Symbol file data-000002686F406020 doesn't match image E:\school\Spring 2022\370 GameDev\GitEscape\JumpersEscape\JumpersEscape2.0\Library\ScriptAssemblies\Unity.Mathematics.dll
Symbol file LoadedFromMemory is not a mono symbol file
Native extension for WindowsStandalone target not found
Refreshing native plugins compatible for Editor in 0.56 ms, found 2 plugins.
Preloading 0 native plugins for Editor in 0.00 ms.
Mono: successfully reloaded assembly
- Completed reload, in  1.733 seconds
Domain Reload Profiling:
	ReloadAssembly (1733ms)
		BeginReloadAssembly (151ms)
			ExecutionOrderSort (0ms)
			DisableScriptedObjects (4ms)
			BackupInstance (0ms)
			ReleaseScriptingObjects (0ms)
			CreateAndSetChildDomain (46ms)
		EndReloadAssembly (1511ms)
			LoadAssemblies (130ms)
			RebuildTransferFunctionScriptingTraits (0ms)
			SetupTypeCache (540ms)
			ReleaseScriptCaches (1ms)
			RebuildScriptCaches (58ms)
			SetupLoadedEditorAssemblies (660ms)
				LogAssemblyErrors (0ms)
				InitializePlatformSupportModulesInManaged (8ms)
				SetLoadedEditorAssemblies (1ms)
				RefreshPlugins (1ms)
				BeforeProcessingInitializeOnLoad (93ms)
				ProcessInitializeOnLoadAttributes (550ms)
				ProcessInitializeOnLoadMethodAttributes (5ms)
				AfterProcessingInitializeOnLoad (2ms)
				EditorAssembliesLoaded (0ms)
			ExecutionOrderSort2 (0ms)
			AwakeInstancesAfterBackupRestoration (13ms)
Platform modules already initialized, skipping
Shader 'Universal Render Pipeline/Particles/Lit': fallback shader 'Universal Render Pipeline/Particles/SimpleLit' not found
Refreshing native plugins compatible for Editor in 0.58 ms, found 2 plugins.
Preloading 0 native plugins for Editor in 0.00 ms.
Unloading 2610 Unused Serialized files (Serialized files now loaded: 0)
System memory in use before: 187.3 MB.
System memory in use after: 187.5 MB.

Unloading 14 unused Assets to reduce memory usage. Loaded Objects now: 3158.
Total: 5.005000 ms (FindLiveObjects: 0.297100 ms CreateObjectMapping: 0.116700 ms MarkObjects: 4.561600 ms  DeleteObjects: 0.027700 ms)

AssetImportParameters requested are different than current active one (requested -> active):
  custom:framework-win-MediaFoundation: 216162199b28c13a410421893ffa2e32 -> 
  custom:video-decoder-ogg-theora: a1e56fd34408186e4bbccfd4996cb3dc -> 
  custom:container-muxer-webm: aa71ff27fc2769a1b78a27578f13a17b -> 
  custom:container-demuxer-webm: 4f35f7cbe854078d1ac9338744f61a02 -> 
  custom:container-demuxer-ogg: 62fdf1f143b41e24485cea50d1cbac27 -> 
  custom:video-encoder-webm-vp8: eb34c28f22e8b96e1ab97ce403110664 -> 
  custom:video-codec-MediaFoundation-h265: 746d11721c4dcdbdad8f713fa42b33f4 -> 
  custom:video-decoder-webm-vp8: 9c59270c3fd7afecdb556c50c9e8de78 -> 
  custom:audio-decoder-ogg-vorbis: bf7c407c2cedff20999df2af8eb42d56 -> 
  custom:audio-encoder-webm-vorbis: bf7c407c2cedff20999df2af8eb42d56 -> 
========================================================================
Received Import Request.
  Time since last request: 9.368794 seconds.
  path: Assets/Scripts/SpeedUpToken.cs
  artifactKey: Guid(b734916f1d64f85409bf69bba2a0e677) Importer(815301076,1909f56bfc062723c751e8b465ee728b)
Start importing Assets/Scripts/SpeedUpToken.cs using Guid(b734916f1d64f85409bf69bba2a0e677) Importer(815301076,1909f56bfc062723c751e8b465ee728b)  -> (artifact id: '91bab09b075ac0e44231a671d8d245a8') in 0.014338 seconds 
  Import took 0.019597 seconds .

========================================================================
Received Prepare
Registering precompiled user dll's ...
Registered in 0.006496 seconds.
Begin MonoManager ReloadAssembly
Symbol file data-0000026872B80010 doesn't match image E:\school\Spring 2022\370 GameDev\GitEscape\JumpersEscape\JumpersEscape2.0\Library\ScriptAssemblies\Unity.ShaderGraph.Editor.dll
Symbol file LoadedFromMemory is not a mono symbol file
Symbol file data-00000268723719C0 doesn't match image E:\school\Spring 2022\370 GameDev\GitEscape\JumpersEscape\JumpersEscape2.0\Library\ScriptAssemblies\Unity.VSCode.Editor.dll
Symbol file LoadedFromMemory is not a mono symbol file
Symbol file data-0000026872C912E0 doesn't match image E:\school\Spring 2022\370 GameDev\GitEscape\JumpersEscape\JumpersEscape2.0\Library\ScriptAssemblies\Unity.RenderPipelines.Universal.Shaders.dll
Symbol file LoadedFromMemory is not a mono symbol file
Symbol file data-00000268734AA010 doesn't match image E:\school\Spring 2022\370 GameDev\GitEscape\JumpersEscape\JumpersEscape2.0\Library\ScriptAssemblies\Unity.RenderPipelines.Universal.Editor.dll
Symbol file LoadedFromMemory is not a mono symbol file
Symbol file data-000002686F392500 doesn't match image E:\school\Spring 2022\370 GameDev\GitEscape\JumpersEscape\JumpersEscape2.0\Library\ScriptAssemblies\Unity.RenderPipelines.Universal.Runtime.dll
Symbol file LoadedFromMemory is not a mono symbol file
Symbol file data-0000026870CF6020 doesn't match image E:\school\Spring 2022\370 GameDev\GitEscape\JumpersEscape\JumpersEscape2.0\Library\ScriptAssemblies\Unity.TextMeshPro.Editor.dll
Symbol file LoadedFromMemory is not a mono symbol file
Symbol file data-0000026870805490 doesn't match image E:\school\Spring 2022\370 GameDev\GitEscape\JumpersEscape\JumpersEscape2.0\Library\ScriptAssemblies\Unity.VisualStudio.Editor.dll
Symbol file LoadedFromMemory is not a mono symbol file
Symbol file data-0000026870CF6020 doesn't match image E:\school\Spring 2022\370 GameDev\GitEscape\JumpersEscape\JumpersEscape2.0\Library\ScriptAssemblies\UnityEngine.TestRunner.dll
Symbol file LoadedFromMemory is not a mono symbol file
Symbol file data-0000026872C8FCE0 doesn't match image E:\school\Spring 2022\370 GameDev\GitEscape\JumpersEscape\JumpersEscape2.0\Library\ScriptAssemblies\Unity.RenderPipeline.Universal.ShaderLibrary.dll
Symbol file LoadedFromMemory is not a mono symbol file
Symbol file data-000002686FCDB010 doesn't match image E:\school\Spring 2022\370 GameDev\GitEscape\JumpersEscape\JumpersEscape2.0\Library\ScriptAssemblies\Unity.Timeline.Editor.dll
Symbol file LoadedFromMemory is not a mono symbol file
Symbol file data-0000026870CF6020 doesn't match image E:\school\Spring 2022\370 GameDev\GitEscape\JumpersEscape\JumpersEscape2.0\Library\ScriptAssemblies\Unity.Timeline.dll
Symbol file LoadedFromMemory is not a mono symbol file
Symbol file data-0000026872C908E0 doesn't match image E:\school\Spring 2022\370 GameDev\GitEscape\JumpersEscape\JumpersEscape2.0\Library\ScriptAssemblies\Unity.RenderPipelines.ShaderGraph.ShaderGraphLibrary.dll
Symbol file LoadedFromMemory is not a mono symbol file
Symbol file data-0000026870730010 doesn't match image E:\school\Spring 2022\370 GameDev\GitEscape\JumpersEscape\JumpersEscape2.0\Library\ScriptAssemblies\Unity.TextMeshPro.dll
Symbol file LoadedFromMemory is not a mono symbol file
Symbol file data-0000026870CF6020 doesn't match image E:\school\Spring 2022\370 GameDev\GitEscape\JumpersEscape\JumpersEscape2.0\Library\ScriptAssemblies\Unity.CollabProxy.Editor.dll
Symbol file LoadedFromMemory is not a mono symbol file
Symbol file data-000002687504FAA0 doesn't match image E:\school\Spring 2022\370 GameDev\GitEscape\JumpersEscape\JumpersEscape2.0\Library\ScriptAssemblies\Unity.Mathematics.Editor.dll
Symbol file LoadedFromMemory is not a mono symbol file
Symbol file data-0000026873869E50 doesn't match image E:\school\Spring 2022\370 GameDev\GitEscape\JumpersEscape\JumpersEscape2.0\Library\ScriptAssemblies\Unity.Searcher.Editor.dll
Symbol file LoadedFromMemory is not a mono symbol file
Symbol file data-000002686ADA5120 doesn't match image E:\school\Spring 2022\370 GameDev\GitEscape\JumpersEscape\JumpersEscape2.0\Library\ScriptAssemblies\UnityEditor.TestRunner.dll
Symbol file LoadedFromMemory is not a mono symbol file
Symbol file data-00000268751F0020 doesn't match image E:\school\Spring 2022\370 GameDev\GitEscape\JumpersEscape\JumpersEscape2.0\Library\ScriptAssemblies\Unity.RenderPipelines.Core.Runtime.dll
Symbol file LoadedFromMemory is not a mono symbol file
Symbol file data-000002687033B070 doesn't match image E:\school\Spring 2022\370 GameDev\GitEscape\JumpersEscape\JumpersEscape2.0\Library\ScriptAssemblies\Unity.ShaderGraph.Utilities.dll
Symbol file LoadedFromMemory is not a mono symbol file
Symbol file data-0000026875204A30 doesn't match image E:\school\Spring 2022\370 GameDev\GitEscape\JumpersEscape\JumpersEscape2.0\Library\ScriptAssemblies\UnityEditor.UI.dll
Symbol file LoadedFromMemory is not a mono symbol file
Symbol file data-000002686EE5B020 doesn't match image E:\school\Spring 2022\370 GameDev\GitEscape\JumpersEscape\JumpersEscape2.0\Library\ScriptAssemblies\Unity.PlasticSCM.Editor.dll
Symbol file LoadedFromMemory is not a mono symbol file
Symbol file data-00000268731E5C20 doesn't match image E:\school\Spring 2022\370 GameDev\GitEscape\JumpersEscape\JumpersEscape2.0\Library\ScriptAssemblies\Unity.Rider.Editor.dll
Symbol file LoadedFromMemory is not a mono symbol file
Symbol file data-00000268707FB190 doesn't match image E:\school\Spring 2022\370 GameDev\GitEscape\JumpersEscape\JumpersEscape2.0\Library\ScriptAssemblies\Unity.RenderPipelines.Core.ShaderLibrary.dll
Symbol file LoadedFromMemory is not a mono symbol file
Symbol file data-000002686F392500 doesn't match image E:\school\Spring 2022\370 GameDev\GitEscape\JumpersEscape\JumpersEscape2.0\Library\ScriptAssemblies\UnityEngine.UI.dll
Symbol file LoadedFromMemory is not a mono symbol file
Symbol file data-000002686F392500 doesn't match image E:\school\Spring 2022\370 GameDev\GitEscape\JumpersEscape\JumpersEscape2.0\Library\ScriptAssemblies\Unity.RenderPipelines.Core.Editor.dll
Symbol file LoadedFromMemory is not a mono symbol file
Symbol file data-000002686F406020 doesn't match image E:\school\Spring 2022\370 GameDev\GitEscape\JumpersEscape\JumpersEscape2.0\Library\ScriptAssemblies\Unity.Mathematics.dll
Symbol file LoadedFromMemory is not a mono symbol file
Native extension for WindowsStandalone target not found
Refreshing native plugins compatible for Editor in 0.53 ms, found 2 plugins.
Preloading 0 native plugins for Editor in 0.00 ms.
Mono: successfully reloaded assembly
- Completed reload, in  1.904 seconds
Domain Reload Profiling:
	ReloadAssembly (1904ms)
		BeginReloadAssembly (149ms)
			ExecutionOrderSort (0ms)
			DisableScriptedObjects (5ms)
			BackupInstance (0ms)
			ReleaseScriptingObjects (0ms)
			CreateAndSetChildDomain (39ms)
		EndReloadAssembly (1686ms)
			LoadAssemblies (158ms)
			RebuildTransferFunctionScriptingTraits (0ms)
			SetupTypeCache (493ms)
			ReleaseScriptCaches (2ms)
			RebuildScriptCaches (196ms)
			SetupLoadedEditorAssemblies (686ms)
				LogAssemblyErrors (0ms)
				InitializePlatformSupportModulesInManaged (5ms)
				SetLoadedEditorAssemblies (1ms)
				RefreshPlugins (1ms)
				BeforeProcessingInitializeOnLoad (107ms)
				ProcessInitializeOnLoadAttributes (566ms)
				ProcessInitializeOnLoadMethodAttributes (5ms)
				AfterProcessingInitializeOnLoad (2ms)
				EditorAssembliesLoaded (0ms)
			ExecutionOrderSort2 (0ms)
			AwakeInstancesAfterBackupRestoration (11ms)
Platform modules already initialized, skipping
Shader 'Universal Render Pipeline/Particles/Lit': fallback shader 'Universal Render Pipeline/Particles/SimpleLit' not found
Refreshing native plugins compatible for Editor in 0.62 ms, found 2 plugins.
Preloading 0 native plugins for Editor in 0.00 ms.
Unloading 2610 Unused Serialized files (Serialized files now loaded: 0)
System memory in use before: 187.3 MB.
System memory in use after: 187.6 MB.

Unloading 14 unused Assets to reduce memory usage. Loaded Objects now: 3160.
Total: 5.602100 ms (FindLiveObjects: 0.420000 ms CreateObjectMapping: 0.229400 ms MarkObjects: 4.918900 ms  DeleteObjects: 0.031600 ms)

AssetImportParameters requested are different than current active one (requested -> active):
  custom:framework-win-MediaFoundation: 216162199b28c13a410421893ffa2e32 -> 
  custom:video-decoder-ogg-theora: a1e56fd34408186e4bbccfd4996cb3dc -> 
  custom:container-muxer-webm: aa71ff27fc2769a1b78a27578f13a17b -> 
  custom:container-demuxer-webm: 4f35f7cbe854078d1ac9338744f61a02 -> 
  custom:container-demuxer-ogg: 62fdf1f143b41e24485cea50d1cbac27 -> 
  custom:video-encoder-webm-vp8: eb34c28f22e8b96e1ab97ce403110664 -> 
  custom:video-codec-MediaFoundation-h265: 746d11721c4dcdbdad8f713fa42b33f4 -> 
  custom:video-decoder-webm-vp8: 9c59270c3fd7afecdb556c50c9e8de78 -> 
  custom:audio-decoder-ogg-vorbis: bf7c407c2cedff20999df2af8eb42d56 -> 
  custom:audio-encoder-webm-vorbis: bf7c407c2cedff20999df2af8eb42d56 -> 
========================================================================
Received Prepare
Registering precompiled user dll's ...
Registered in 0.005484 seconds.
Begin MonoManager ReloadAssembly
Symbol file data-000002687495C060 doesn't match image E:\school\Spring 2022\370 GameDev\GitEscape\JumpersEscape\JumpersEscape2.0\Library\ScriptAssemblies\Unity.ShaderGraph.Editor.dll
Symbol file LoadedFromMemory is not a mono symbol file
Symbol file data-000002686FCC1040 doesn't match image E:\school\Spring 2022\370 GameDev\GitEscape\JumpersEscape\JumpersEscape2.0\Library\ScriptAssemblies\Unity.VSCode.Editor.dll
Symbol file LoadedFromMemory is not a mono symbol file
Symbol file data-000002686A941670 doesn't match image E:\school\Spring 2022\370 GameDev\GitEscape\JumpersEscape\JumpersEscape2.0\Library\ScriptAssemblies\Unity.RenderPipelines.Universal.Shaders.dll
Symbol file LoadedFromMemory is not a mono symbol file
Symbol file data-00000268725CC040 doesn't match image E:\school\Spring 2022\370 GameDev\GitEscape\JumpersEscape\JumpersEscape2.0\Library\ScriptAssemblies\Unity.RenderPipelines.Universal.Editor.dll
Symbol file LoadedFromMemory is not a mono symbol file
Symbol file data-0000026872AA6020 doesn't match image E:\school\Spring 2022\370 GameDev\GitEscape\JumpersEscape\JumpersEscape2.0\Library\ScriptAssemblies\Unity.RenderPipelines.Universal.Runtime.dll
Symbol file LoadedFromMemory is not a mono symbol file
Symbol file data-000002687518E010 doesn't match image E:\school\Spring 2022\370 GameDev\GitEscape\JumpersEscape\JumpersEscape2.0\Library\ScriptAssemblies\Unity.TextMeshPro.Editor.dll
Symbol file LoadedFromMemory is not a mono symbol file
Symbol file data-000002686AB3B000 doesn't match image E:\school\Spring 2022\370 GameDev\GitEscape\JumpersEscape\JumpersEscape2.0\Library\ScriptAssemblies\Unity.VisualStudio.Editor.dll
Symbol file LoadedFromMemory is not a mono symbol file
Symbol file data-000002686F575DB0 doesn't match image E:\school\Spring 2022\370 GameDev\GitEscape\JumpersEscape\JumpersEscape2.0\Library\ScriptAssemblies\UnityEngine.TestRunner.dll
Symbol file LoadedFromMemory is not a mono symbol file
Symbol file data-000002686A941870 doesn't match image E:\school\Spring 2022\370 GameDev\GitEscape\JumpersEscape\JumpersEscape2.0\Library\ScriptAssemblies\Unity.RenderPipeline.Universal.ShaderLibrary.dll
Symbol file LoadedFromMemory is not a mono symbol file
Symbol file data-000002686AACEDB0 doesn't match image E:\school\Spring 2022\370 GameDev\GitEscape\JumpersEscape\JumpersEscape2.0\Library\ScriptAssemblies\Unity.Timeline.Editor.dll
Symbol file LoadedFromMemory is not a mono symbol file
Symbol file data-000002687518E010 doesn't match image E:\school\Spring 2022\370 GameDev\GitEscape\JumpersEscape\JumpersEscape2.0\Library\ScriptAssemblies\Unity.Timeline.dll
Symbol file LoadedFromMemory is not a mono symbol file
Symbol file data-000002686A942670 doesn't match image E:\school\Spring 2022\370 GameDev\GitEscape\JumpersEscape\JumpersEscape2.0\Library\ScriptAssemblies\Unity.RenderPipelines.ShaderGraph.ShaderGraphLibrary.dll
Symbol file LoadedFromMemory is not a mono symbol file
Symbol file data-000002687657D040 doesn't match image E:\school\Spring 2022\370 GameDev\GitEscape\JumpersEscape\JumpersEscape2.0\Library\ScriptAssemblies\Unity.TextMeshPro.dll
Symbol file LoadedFromMemory is not a mono symbol file
Symbol file data-0000026872F95010 doesn't match image E:\school\Spring 2022\370 GameDev\GitEscape\JumpersEscape\JumpersEscape2.0\Library\ScriptAssemblies\Unity.CollabProxy.Editor.dll
Symbol file LoadedFromMemory is not a mono symbol file
Symbol file data-00000268734C5260 doesn't match image E:\school\Spring 2022\370 GameDev\GitEscape\JumpersEscape\JumpersEscape2.0\Library\ScriptAssemblies\Unity.Mathematics.Editor.dll
Symbol file LoadedFromMemory is not a mono symbol file
Symbol file data-000002686F85D030 doesn't match image E:\school\Spring 2022\370 GameDev\GitEscape\JumpersEscape\JumpersEscape2.0\Library\ScriptAssemblies\Unity.Searcher.Editor.dll
Symbol file LoadedFromMemory is not a mono symbol file
Symbol file data-0000026872280080 doesn't match image E:\school\Spring 2022\370 GameDev\GitEscape\JumpersEscape\JumpersEscape2.0\Library\ScriptAssemblies\UnityEditor.TestRunner.dll
Symbol file LoadedFromMemory is not a mono symbol file
Symbol file data-000002686AD64010 doesn't match image E:\school\Spring 2022\370 GameDev\GitEscape\JumpersEscape\JumpersEscape2.0\Library\ScriptAssemblies\Unity.RenderPipelines.Core.Runtime.dll
Symbol file LoadedFromMemory is not a mono symbol file
Symbol file data-000002687033BE20 doesn't match image E:\school\Spring 2022\370 GameDev\GitEscape\JumpersEscape\JumpersEscape2.0\Library\ScriptAssemblies\Unity.ShaderGraph.Utilities.dll
Symbol file LoadedFromMemory is not a mono symbol file
Symbol file data-0000026874A42C10 doesn't match image E:\school\Spring 2022\370 GameDev\GitEscape\JumpersEscape\JumpersEscape2.0\Library\ScriptAssemblies\UnityEditor.UI.dll
Symbol file LoadedFromMemory is not a mono symbol file
Symbol file data-00000268749BA040 doesn't match image E:\school\Spring 2022\370 GameDev\GitEscape\JumpersEscape\JumpersEscape2.0\Library\ScriptAssemblies\Unity.PlasticSCM.Editor.dll
Symbol file LoadedFromMemory is not a mono symbol file
Symbol file data-0000026870B10020 doesn't match image E:\school\Spring 2022\370 GameDev\GitEscape\JumpersEscape\JumpersEscape2.0\Library\ScriptAssemblies\Unity.Rider.Editor.dll
Symbol file LoadedFromMemory is not a mono symbol file
Symbol file data-00000268707F8850 doesn't match image E:\school\Spring 2022\370 GameDev\GitEscape\JumpersEscape\JumpersEscape2.0\Library\ScriptAssemblies\Unity.RenderPipelines.Core.ShaderLibrary.dll
Symbol file LoadedFromMemory is not a mono symbol file
Symbol file data-00000268725CC040 doesn't match image E:\school\Spring 2022\370 GameDev\GitEscape\JumpersEscape\JumpersEscape2.0\Library\ScriptAssemblies\UnityEngine.UI.dll
Symbol file LoadedFromMemory is not a mono symbol file
Symbol file data-00000268725CC040 doesn't match image E:\school\Spring 2022\370 GameDev\GitEscape\JumpersEscape\JumpersEscape2.0\Library\ScriptAssemblies\Unity.RenderPipelines.Core.Editor.dll
Symbol file LoadedFromMemory is not a mono symbol file
Symbol file data-0000026874E22630 doesn't match image E:\school\Spring 2022\370 GameDev\GitEscape\JumpersEscape\JumpersEscape2.0\Library\ScriptAssemblies\Unity.Mathematics.dll
Symbol file LoadedFromMemory is not a mono symbol file
Native extension for WindowsStandalone target not found
Refreshing native plugins compatible for Editor in 0.60 ms, found 2 plugins.
Preloading 0 native plugins for Editor in 0.00 ms.
Mono: successfully reloaded assembly
- Completed reload, in  1.839 seconds
Domain Reload Profiling:
	ReloadAssembly (1839ms)
		BeginReloadAssembly (153ms)
			ExecutionOrderSort (0ms)
			DisableScriptedObjects (5ms)
			BackupInstance (0ms)
			ReleaseScriptingObjects (0ms)
			CreateAndSetChildDomain (47ms)
		EndReloadAssembly (1610ms)
			LoadAssemblies (143ms)
			RebuildTransferFunctionScriptingTraits (0ms)
			SetupTypeCache (394ms)
			ReleaseScriptCaches (1ms)
			RebuildScriptCaches (68ms)
			SetupLoadedEditorAssemblies (753ms)
				LogAssemblyErrors (0ms)
				InitializePlatformSupportModulesInManaged (6ms)
				SetLoadedEditorAssemblies (1ms)
				RefreshPlugins (1ms)
				BeforeProcessingInitializeOnLoad (112ms)
				ProcessInitializeOnLoadAttributes (626ms)
				ProcessInitializeOnLoadMethodAttributes (6ms)
				AfterProcessingInitializeOnLoad (2ms)
				EditorAssembliesLoaded (0ms)
			ExecutionOrderSort2 (0ms)
			AwakeInstancesAfterBackupRestoration (12ms)
Platform modules already initialized, skipping
Shader 'Universal Render Pipeline/Particles/Lit': fallback shader 'Universal Render Pipeline/Particles/SimpleLit' not found
Refreshing native plugins compatible for Editor in 1.07 ms, found 2 plugins.
Preloading 0 native plugins for Editor in 0.00 ms.
Unloading 2610 Unused Serialized files (Serialized files now loaded: 0)
System memory in use before: 187.4 MB.
System memory in use after: 187.6 MB.

Unloading 14 unused Assets to reduce memory usage. Loaded Objects now: 3162.
Total: 5.549800 ms (FindLiveObjects: 0.347800 ms CreateObjectMapping: 0.229400 ms MarkObjects: 4.938200 ms  DeleteObjects: 0.032600 ms)

AssetImportParameters requested are different than current active one (requested -> active):
  custom:framework-win-MediaFoundation: 216162199b28c13a410421893ffa2e32 -> 
  custom:video-decoder-ogg-theora: a1e56fd34408186e4bbccfd4996cb3dc -> 
  custom:container-muxer-webm: aa71ff27fc2769a1b78a27578f13a17b -> 
  custom:container-demuxer-webm: 4f35f7cbe854078d1ac9338744f61a02 -> 
  custom:container-demuxer-ogg: 62fdf1f143b41e24485cea50d1cbac27 -> 
  custom:video-encoder-webm-vp8: eb34c28f22e8b96e1ab97ce403110664 -> 
  custom:video-codec-MediaFoundation-h265: 746d11721c4dcdbdad8f713fa42b33f4 -> 
  custom:video-decoder-webm-vp8: 9c59270c3fd7afecdb556c50c9e8de78 -> 
  custom:audio-decoder-ogg-vorbis: bf7c407c2cedff20999df2af8eb42d56 -> 
  custom:audio-encoder-webm-vorbis: bf7c407c2cedff20999df2af8eb42d56 -> 
========================================================================
Received Import Request.
  Time since last request: 41.975990 seconds.
  path: Assets/Scripts/SpeedUpToken.cs
  artifactKey: Guid(b734916f1d64f85409bf69bba2a0e677) Importer(815301076,1909f56bfc062723c751e8b465ee728b)
Start importing Assets/Scripts/SpeedUpToken.cs using Guid(b734916f1d64f85409bf69bba2a0e677) Importer(815301076,1909f56bfc062723c751e8b465ee728b)  -> (artifact id: '6888535326a6fca9d6e212694d7ef560') in 0.008685 seconds 
  Import took 0.016856 seconds .

========================================================================
Received Prepare
Registering precompiled user dll's ...
Registered in 0.005123 seconds.
Begin MonoManager ReloadAssembly
Symbol file data-000002687495C060 doesn't match image E:\school\Spring 2022\370 GameDev\GitEscape\JumpersEscape\JumpersEscape2.0\Library\ScriptAssemblies\Unity.ShaderGraph.Editor.dll
Symbol file LoadedFromMemory is not a mono symbol file
Symbol file data-000002686FCC1040 doesn't match image E:\school\Spring 2022\370 GameDev\GitEscape\JumpersEscape\JumpersEscape2.0\Library\ScriptAssemblies\Unity.VSCode.Editor.dll
Symbol file LoadedFromMemory is not a mono symbol file
Symbol file data-0000026872C906E0 doesn't match image E:\school\Spring 2022\370 GameDev\GitEscape\JumpersEscape\JumpersEscape2.0\Library\ScriptAssemblies\Unity.RenderPipelines.Universal.Shaders.dll
Symbol file LoadedFromMemory is not a mono symbol file
Symbol file data-0000026874815020 doesn't match image E:\school\Spring 2022\370 GameDev\GitEscape\JumpersEscape\JumpersEscape2.0\Library\ScriptAssemblies\Unity.RenderPipelines.Universal.Editor.dll
Symbol file LoadedFromMemory is not a mono symbol file
Symbol file data-0000026872AA6020 doesn't match image E:\school\Spring 2022\370 GameDev\GitEscape\JumpersEscape\JumpersEscape2.0\Library\ScriptAssemblies\Unity.RenderPipelines.Universal.Runtime.dll
Symbol file LoadedFromMemory is not a mono symbol file
Symbol file data-000002686F564020 doesn't match image E:\school\Spring 2022\370 GameDev\GitEscape\JumpersEscape\JumpersEscape2.0\Library\ScriptAssemblies\Unity.TextMeshPro.Editor.dll
Symbol file LoadedFromMemory is not a mono symbol file
Symbol file data-0000026874B61030 doesn't match image E:\school\Spring 2022\370 GameDev\GitEscape\JumpersEscape\JumpersEscape2.0\Library\ScriptAssemblies\Unity.VisualStudio.Editor.dll
Symbol file LoadedFromMemory is not a mono symbol file
Symbol file data-000002686F575DB0 doesn't match image E:\school\Spring 2022\370 GameDev\GitEscape\JumpersEscape\JumpersEscape2.0\Library\ScriptAssemblies\UnityEngine.TestRunner.dll
Symbol file LoadedFromMemory is not a mono symbol file
Symbol file data-0000026872C8FAE0 doesn't match image E:\school\Spring 2022\370 GameDev\GitEscape\JumpersEscape\JumpersEscape2.0\Library\ScriptAssemblies\Unity.RenderPipeline.Universal.ShaderLibrary.dll
Symbol file LoadedFromMemory is not a mono symbol file
Symbol file data-0000026872E07EE0 doesn't match image E:\school\Spring 2022\370 GameDev\GitEscape\JumpersEscape\JumpersEscape2.0\Library\ScriptAssemblies\Unity.Timeline.Editor.dll
Symbol file LoadedFromMemory is not a mono symbol file
Symbol file data-00000268749D9360 doesn't match image E:\school\Spring 2022\370 GameDev\GitEscape\JumpersEscape\JumpersEscape2.0\Library\ScriptAssemblies\Unity.Timeline.dll
Symbol file LoadedFromMemory is not a mono symbol file
Symbol file data-0000026872C8FEE0 doesn't match image E:\school\Spring 2022\370 GameDev\GitEscape\JumpersEscape\JumpersEscape2.0\Library\ScriptAssemblies\Unity.RenderPipelines.ShaderGraph.ShaderGraphLibrary.dll
Symbol file LoadedFromMemory is not a mono symbol file
Symbol file data-000002687657D040 doesn't match image E:\school\Spring 2022\370 GameDev\GitEscape\JumpersEscape\JumpersEscape2.0\Library\ScriptAssemblies\Unity.TextMeshPro.dll
Symbol file LoadedFromMemory is not a mono symbol file
Symbol file data-0000026872F95010 doesn't match image E:\school\Spring 2022\370 GameDev\GitEscape\JumpersEscape\JumpersEscape2.0\Library\ScriptAssemblies\Unity.CollabProxy.Editor.dll
Symbol file LoadedFromMemory is not a mono symbol file
Symbol file data-00000268734C5260 doesn't match image E:\school\Spring 2022\370 GameDev\GitEscape\JumpersEscape\JumpersEscape2.0\Library\ScriptAssemblies\Unity.Mathematics.Editor.dll
Symbol file LoadedFromMemory is not a mono symbol file
Symbol file data-000002686F85D030 doesn't match image E:\school\Spring 2022\370 GameDev\GitEscape\JumpersEscape\JumpersEscape2.0\Library\ScriptAssemblies\Unity.Searcher.Editor.dll
Symbol file LoadedFromMemory is not a mono symbol file
Symbol file data-0000026872280080 doesn't match image E:\school\Spring 2022\370 GameDev\GitEscape\JumpersEscape\JumpersEscape2.0\Library\ScriptAssemblies\UnityEditor.TestRunner.dll
Symbol file LoadedFromMemory is not a mono symbol file
Symbol file data-000002686AD64010 doesn't match image E:\school\Spring 2022\370 GameDev\GitEscape\JumpersEscape\JumpersEscape2.0\Library\ScriptAssemblies\Unity.RenderPipelines.Core.Runtime.dll
Symbol file LoadedFromMemory is not a mono symbol file
Symbol file data-000002687033E2A0 doesn't match image E:\school\Spring 2022\370 GameDev\GitEscape\JumpersEscape\JumpersEscape2.0\Library\ScriptAssemblies\Unity.ShaderGraph.Utilities.dll
Symbol file LoadedFromMemory is not a mono symbol file
Symbol file data-0000026874A42C10 doesn't match image E:\school\Spring 2022\370 GameDev\GitEscape\JumpersEscape\JumpersEscape2.0\Library\ScriptAssemblies\UnityEditor.UI.dll
Symbol file LoadedFromMemory is not a mono symbol file
Symbol file data-000002686AC3C020 doesn't match image E:\school\Spring 2022\370 GameDev\GitEscape\JumpersEscape\JumpersEscape2.0\Library\ScriptAssemblies\Unity.PlasticSCM.Editor.dll
Symbol file LoadedFromMemory is not a mono symbol file
Symbol file data-0000026870B10020 doesn't match image E:\school\Spring 2022\370 GameDev\GitEscape\JumpersEscape\JumpersEscape2.0\Library\ScriptAssemblies\Unity.Rider.Editor.dll
Symbol file LoadedFromMemory is not a mono symbol file
Symbol file data-00000268707FAF80 doesn't match image E:\school\Spring 2022\370 GameDev\GitEscape\JumpersEscape\JumpersEscape2.0\Library\ScriptAssemblies\Unity.RenderPipelines.Core.ShaderLibrary.dll
Symbol file LoadedFromMemory is not a mono symbol file
Symbol file data-0000026874815020 doesn't match image E:\school\Spring 2022\370 GameDev\GitEscape\JumpersEscape\JumpersEscape2.0\Library\ScriptAssemblies\UnityEngine.UI.dll
Symbol file LoadedFromMemory is not a mono symbol file
Symbol file data-0000026874815020 doesn't match image E:\school\Spring 2022\370 GameDev\GitEscape\JumpersEscape\JumpersEscape2.0\Library\ScriptAssemblies\Unity.RenderPipelines.Core.Editor.dll
Symbol file LoadedFromMemory is not a mono symbol file
Symbol file data-0000026870D16040 doesn't match image E:\school\Spring 2022\370 GameDev\GitEscape\JumpersEscape\JumpersEscape2.0\Library\ScriptAssemblies\Unity.Mathematics.dll
Symbol file LoadedFromMemory is not a mono symbol file
Native extension for WindowsStandalone target not found
Refreshing native plugins compatible for Editor in 0.57 ms, found 2 plugins.
Preloading 0 native plugins for Editor in 0.00 ms.
Mono: successfully reloaded assembly
- Completed reload, in  1.665 seconds
Domain Reload Profiling:
	ReloadAssembly (1666ms)
		BeginReloadAssembly (154ms)
			ExecutionOrderSort (0ms)
			DisableScriptedObjects (5ms)
			BackupInstance (0ms)
			ReleaseScriptingObjects (0ms)
			CreateAndSetChildDomain (42ms)
		EndReloadAssembly (1434ms)
			LoadAssemblies (138ms)
			RebuildTransferFunctionScriptingTraits (0ms)
			SetupTypeCache (435ms)
			ReleaseScriptCaches (1ms)
			RebuildScriptCaches (58ms)
			SetupLoadedEditorAssemblies (672ms)
				LogAssemblyErrors (0ms)
				InitializePlatformSupportModulesInManaged (5ms)
				SetLoadedEditorAssemblies (1ms)
				RefreshPlugins (1ms)
				BeforeProcessingInitializeOnLoad (100ms)
				ProcessInitializeOnLoadAttributes (560ms)
				ProcessInitializeOnLoadMethodAttributes (4ms)
				AfterProcessingInitializeOnLoad (2ms)
				EditorAssembliesLoaded (0ms)
			ExecutionOrderSort2 (0ms)
			AwakeInstancesAfterBackupRestoration (11ms)
Platform modules already initialized, skipping
Shader 'Universal Render Pipeline/Particles/Lit': fallback shader 'Universal Render Pipeline/Particles/SimpleLit' not found
Refreshing native plugins compatible for Editor in 0.57 ms, found 2 plugins.
Preloading 0 native plugins for Editor in 0.00 ms.
Unloading 2610 Unused Serialized files (Serialized files now loaded: 0)
System memory in use before: 187.4 MB.
System memory in use after: 187.6 MB.

Unloading 14 unused Assets to reduce memory usage. Loaded Objects now: 3164.
Total: 5.306300 ms (FindLiveObjects: 1.098800 ms CreateObjectMapping: 0.223600 ms MarkObjects: 3.959000 ms  DeleteObjects: 0.023600 ms)

AssetImportParameters requested are different than current active one (requested -> active):
  custom:framework-win-MediaFoundation: 216162199b28c13a410421893ffa2e32 -> 
  custom:video-decoder-ogg-theora: a1e56fd34408186e4bbccfd4996cb3dc -> 
  custom:container-muxer-webm: aa71ff27fc2769a1b78a27578f13a17b -> 
  custom:container-demuxer-webm: 4f35f7cbe854078d1ac9338744f61a02 -> 
  custom:container-demuxer-ogg: 62fdf1f143b41e24485cea50d1cbac27 -> 
  custom:video-encoder-webm-vp8: eb34c28f22e8b96e1ab97ce403110664 -> 
  custom:video-codec-MediaFoundation-h265: 746d11721c4dcdbdad8f713fa42b33f4 -> 
  custom:video-decoder-webm-vp8: 9c59270c3fd7afecdb556c50c9e8de78 -> 
  custom:audio-decoder-ogg-vorbis: bf7c407c2cedff20999df2af8eb42d56 -> 
  custom:audio-encoder-webm-vorbis: bf7c407c2cedff20999df2af8eb42d56 -> 
========================================================================
Received Prepare
Registering precompiled user dll's ...
Registered in 0.007573 seconds.
Begin MonoManager ReloadAssembly
Symbol file data-000002686EDE7020 doesn't match image E:\school\Spring 2022\370 GameDev\GitEscape\JumpersEscape\JumpersEscape2.0\Library\ScriptAssemblies\Unity.ShaderGraph.Editor.dll
Symbol file LoadedFromMemory is not a mono symbol file
Symbol file data-000002687110F240 doesn't match image E:\school\Spring 2022\370 GameDev\GitEscape\JumpersEscape\JumpersEscape2.0\Library\ScriptAssemblies\Unity.VSCode.Editor.dll
Symbol file LoadedFromMemory is not a mono symbol file
Symbol file data-0000026872C8FEE0 doesn't match image E:\school\Spring 2022\370 GameDev\GitEscape\JumpersEscape\JumpersEscape2.0\Library\ScriptAssemblies\Unity.RenderPipelines.Universal.Shaders.dll
Symbol file LoadedFromMemory is not a mono symbol file
Symbol file data-0000026874582010 doesn't match image E:\school\Spring 2022\370 GameDev\GitEscape\JumpersEscape\JumpersEscape2.0\Library\ScriptAssemblies\Unity.RenderPipelines.Universal.Editor.dll
Symbol file LoadedFromMemory is not a mono symbol file
Symbol file data-0000026872AA6020 doesn't match image E:\school\Spring 2022\370 GameDev\GitEscape\JumpersEscape\JumpersEscape2.0\Library\ScriptAssemblies\Unity.RenderPipelines.Universal.Runtime.dll
Symbol file LoadedFromMemory is not a mono symbol file
Symbol file data-0000026873D7D020 doesn't match image E:\school\Spring 2022\370 GameDev\GitEscape\JumpersEscape\JumpersEscape2.0\Library\ScriptAssemblies\Unity.TextMeshPro.Editor.dll
Symbol file LoadedFromMemory is not a mono symbol file
Symbol file data-0000026874B61030 doesn't match image E:\school\Spring 2022\370 GameDev\GitEscape\JumpersEscape\JumpersEscape2.0\Library\ScriptAssemblies\Unity.VisualStudio.Editor.dll
Symbol file LoadedFromMemory is not a mono symbol file
Symbol file data-0000026870B5C010 doesn't match image E:\school\Spring 2022\370 GameDev\GitEscape\JumpersEscape\JumpersEscape2.0\Library\ScriptAssemblies\UnityEngine.TestRunner.dll
Symbol file LoadedFromMemory is not a mono symbol file
Symbol file data-0000026872C8FEE0 doesn't match image E:\school\Spring 2022\370 GameDev\GitEscape\JumpersEscape\JumpersEscape2.0\Library\ScriptAssemblies\Unity.RenderPipeline.Universal.ShaderLibrary.dll
Symbol file LoadedFromMemory is not a mono symbol file
Symbol file data-0000026870E2A010 doesn't match image E:\school\Spring 2022\370 GameDev\GitEscape\JumpersEscape\JumpersEscape2.0\Library\ScriptAssemblies\Unity.Timeline.Editor.dll
Symbol file LoadedFromMemory is not a mono symbol file
Symbol file data-000002686B06D030 doesn't match image E:\school\Spring 2022\370 GameDev\GitEscape\JumpersEscape\JumpersEscape2.0\Library\ScriptAssemblies\Unity.Timeline.dll
Symbol file LoadedFromMemory is not a mono symbol file
Symbol file data-0000026872C8FEE0 doesn't match image E:\school\Spring 2022\370 GameDev\GitEscape\JumpersEscape\JumpersEscape2.0\Library\ScriptAssemblies\Unity.RenderPipelines.ShaderGraph.ShaderGraphLibrary.dll
Symbol file LoadedFromMemory is not a mono symbol file
Symbol file data-000002686AD19020 doesn't match image E:\school\Spring 2022\370 GameDev\GitEscape\JumpersEscape\JumpersEscape2.0\Library\ScriptAssemblies\Unity.TextMeshPro.dll
Symbol file LoadedFromMemory is not a mono symbol file
Symbol file data-0000026870B5C010 doesn't match image E:\school\Spring 2022\370 GameDev\GitEscape\JumpersEscape\JumpersEscape2.0\Library\ScriptAssemblies\Unity.CollabProxy.Editor.dll
Symbol file LoadedFromMemory is not a mono symbol file
Symbol file data-000002686F15AB70 doesn't match image E:\school\Spring 2022\370 GameDev\GitEscape\JumpersEscape\JumpersEscape2.0\Library\ScriptAssemblies\Unity.Mathematics.Editor.dll
Symbol file LoadedFromMemory is not a mono symbol file
Symbol file data-000002687468A040 doesn't match image E:\school\Spring 2022\370 GameDev\GitEscape\JumpersEscape\JumpersEscape2.0\Library\ScriptAssemblies\Unity.Searcher.Editor.dll
Symbol file LoadedFromMemory is not a mono symbol file
Symbol file data-000002686ADBDDB0 doesn't match image E:\school\Spring 2022\370 GameDev\GitEscape\JumpersEscape\JumpersEscape2.0\Library\ScriptAssemblies\UnityEditor.TestRunner.dll
Symbol file LoadedFromMemory is not a mono symbol file
Symbol file data-000002686AD64010 doesn't match image E:\school\Spring 2022\370 GameDev\GitEscape\JumpersEscape\JumpersEscape2.0\Library\ScriptAssemblies\Unity.RenderPipelines.Core.Runtime.dll
Symbol file LoadedFromMemory is not a mono symbol file
Symbol file data-0000026870338760 doesn't match image E:\school\Spring 2022\370 GameDev\GitEscape\JumpersEscape\JumpersEscape2.0\Library\ScriptAssemblies\Unity.ShaderGraph.Utilities.dll
Symbol file LoadedFromMemory is not a mono symbol file
Symbol file data-0000026874A42C10 doesn't match image E:\school\Spring 2022\370 GameDev\GitEscape\JumpersEscape\JumpersEscape2.0\Library\ScriptAssemblies\UnityEditor.UI.dll
Symbol file LoadedFromMemory is not a mono symbol file
Symbol file data-0000026874EB7010 doesn't match image E:\school\Spring 2022\370 GameDev\GitEscape\JumpersEscape\JumpersEscape2.0\Library\ScriptAssemblies\Unity.PlasticSCM.Editor.dll
Symbol file LoadedFromMemory is not a mono symbol file
Symbol file data-000002686F8B4020 doesn't match image E:\school\Spring 2022\370 GameDev\GitEscape\JumpersEscape\JumpersEscape2.0\Library\ScriptAssemblies\Unity.Rider.Editor.dll
Symbol file LoadedFromMemory is not a mono symbol file
Symbol file data-00000268707F8220 doesn't match image E:\school\Spring 2022\370 GameDev\GitEscape\JumpersEscape\JumpersEscape2.0\Library\ScriptAssemblies\Unity.RenderPipelines.Core.ShaderLibrary.dll
Symbol file LoadedFromMemory is not a mono symbol file
Symbol file data-0000026874582010 doesn't match image E:\school\Spring 2022\370 GameDev\GitEscape\JumpersEscape\JumpersEscape2.0\Library\ScriptAssemblies\UnityEngine.UI.dll
Symbol file LoadedFromMemory is not a mono symbol file
Symbol file data-0000026874815020 doesn't match image E:\school\Spring 2022\370 GameDev\GitEscape\JumpersEscape\JumpersEscape2.0\Library\ScriptAssemblies\Unity.RenderPipelines.Core.Editor.dll
Symbol file LoadedFromMemory is not a mono symbol file
Symbol file data-0000026870D16040 doesn't match image E:\school\Spring 2022\370 GameDev\GitEscape\JumpersEscape\JumpersEscape2.0\Library\ScriptAssemblies\Unity.Mathematics.dll
Symbol file LoadedFromMemory is not a mono symbol file
Native extension for WindowsStandalone target not found
Refreshing native plugins compatible for Editor in 0.58 ms, found 2 plugins.
Preloading 0 native plugins for Editor in 0.00 ms.
Mono: successfully reloaded assembly
- Completed reload, in  1.745 seconds
Domain Reload Profiling:
	ReloadAssembly (1746ms)
		BeginReloadAssembly (150ms)
			ExecutionOrderSort (0ms)
			DisableScriptedObjects (5ms)
			BackupInstance (0ms)
			ReleaseScriptingObjects (0ms)
			CreateAndSetChildDomain (40ms)
		EndReloadAssembly (1527ms)
			LoadAssemblies (135ms)
			RebuildTransferFunctionScriptingTraits (0ms)
			SetupTypeCache (372ms)
			ReleaseScriptCaches (1ms)
			RebuildScriptCaches (175ms)
			SetupLoadedEditorAssemblies (689ms)
				LogAssemblyErrors (0ms)
				InitializePlatformSupportModulesInManaged (6ms)
				SetLoadedEditorAssemblies (1ms)
				RefreshPlugins (1ms)
				BeforeProcessingInitializeOnLoad (99ms)
				ProcessInitializeOnLoadAttributes (573ms)
				ProcessInitializeOnLoadMethodAttributes (5ms)
				AfterProcessingInitializeOnLoad (3ms)
				EditorAssembliesLoaded (0ms)
			ExecutionOrderSort2 (0ms)
			AwakeInstancesAfterBackupRestoration (11ms)
Platform modules already initialized, skipping
Shader 'Universal Render Pipeline/Particles/Lit': fallback shader 'Universal Render Pipeline/Particles/SimpleLit' not found
Refreshing native plugins compatible for Editor in 0.59 ms, found 2 plugins.
Preloading 0 native plugins for Editor in 0.00 ms.
Unloading 2610 Unused Serialized files (Serialized files now loaded: 0)
System memory in use before: 187.4 MB.
System memory in use after: 187.6 MB.

Unloading 14 unused Assets to reduce memory usage. Loaded Objects now: 3166.
Total: 4.049000 ms (FindLiveObjects: 0.293400 ms CreateObjectMapping: 0.143000 ms MarkObjects: 3.588000 ms  DeleteObjects: 0.023500 ms)

AssetImportParameters requested are different than current active one (requested -> active):
  custom:framework-win-MediaFoundation: 216162199b28c13a410421893ffa2e32 -> 
  custom:video-decoder-ogg-theora: a1e56fd34408186e4bbccfd4996cb3dc -> 
  custom:container-muxer-webm: aa71ff27fc2769a1b78a27578f13a17b -> 
  custom:container-demuxer-webm: 4f35f7cbe854078d1ac9338744f61a02 -> 
  custom:container-demuxer-ogg: 62fdf1f143b41e24485cea50d1cbac27 -> 
  custom:video-encoder-webm-vp8: eb34c28f22e8b96e1ab97ce403110664 -> 
  custom:video-codec-MediaFoundation-h265: 746d11721c4dcdbdad8f713fa42b33f4 -> 
  custom:video-decoder-webm-vp8: 9c59270c3fd7afecdb556c50c9e8de78 -> 
  custom:audio-decoder-ogg-vorbis: bf7c407c2cedff20999df2af8eb42d56 -> 
  custom:audio-encoder-webm-vorbis: bf7c407c2cedff20999df2af8eb42d56 -> 
========================================================================
Received Prepare
Registering precompiled user dll's ...
Registered in 0.005067 seconds.
Begin MonoManager ReloadAssembly
Symbol file data-000002686EDE7020 doesn't match image E:\school\Spring 2022\370 GameDev\GitEscape\JumpersEscape\JumpersEscape2.0\Library\ScriptAssemblies\Unity.ShaderGraph.Editor.dll
Symbol file LoadedFromMemory is not a mono symbol file
Symbol file data-000002686F971020 doesn't match image E:\school\Spring 2022\370 GameDev\GitEscape\JumpersEscape\JumpersEscape2.0\Library\ScriptAssemblies\Unity.VSCode.Editor.dll
Symbol file LoadedFromMemory is not a mono symbol file
Symbol file data-000002686AD3BA70 doesn't match image E:\school\Spring 2022\370 GameDev\GitEscape\JumpersEscape\JumpersEscape2.0\Library\ScriptAssemblies\Unity.RenderPipelines.Universal.Shaders.dll
Symbol file LoadedFromMemory is not a mono symbol file
Symbol file data-0000026874052030 doesn't match image E:\school\Spring 2022\370 GameDev\GitEscape\JumpersEscape\JumpersEscape2.0\Library\ScriptAssemblies\Unity.RenderPipelines.Universal.Editor.dll
Symbol file LoadedFromMemory is not a mono symbol file
Symbol file data-0000026872AA6020 doesn't match image E:\school\Spring 2022\370 GameDev\GitEscape\JumpersEscape\JumpersEscape2.0\Library\ScriptAssemblies\Unity.RenderPipelines.Universal.Runtime.dll
Symbol file LoadedFromMemory is not a mono symbol file
Symbol file data-0000026874C1C480 doesn't match image E:\school\Spring 2022\370 GameDev\GitEscape\JumpersEscape\JumpersEscape2.0\Library\ScriptAssemblies\Unity.TextMeshPro.Editor.dll
Symbol file LoadedFromMemory is not a mono symbol file
Symbol file data-0000026874B61030 doesn't match image E:\school\Spring 2022\370 GameDev\GitEscape\JumpersEscape\JumpersEscape2.0\Library\ScriptAssemblies\Unity.VisualStudio.Editor.dll
Symbol file LoadedFromMemory is not a mono symbol file
Symbol file data-0000026874C00450 doesn't match image E:\school\Spring 2022\370 GameDev\GitEscape\JumpersEscape\JumpersEscape2.0\Library\ScriptAssemblies\UnityEngine.TestRunner.dll
Symbol file LoadedFromMemory is not a mono symbol file
Symbol file data-000002686AD3CE70 doesn't match image E:\school\Spring 2022\370 GameDev\GitEscape\JumpersEscape\JumpersEscape2.0\Library\ScriptAssemblies\Unity.RenderPipeline.Universal.ShaderLibrary.dll
Symbol file LoadedFromMemory is not a mono symbol file
Symbol file data-0000026874C9E5C0 doesn't match image E:\school\Spring 2022\370 GameDev\GitEscape\JumpersEscape\JumpersEscape2.0\Library\ScriptAssemblies\Unity.Timeline.Editor.dll
Symbol file LoadedFromMemory is not a mono symbol file
Symbol file data-000002686B06D030 doesn't match image E:\school\Spring 2022\370 GameDev\GitEscape\JumpersEscape\JumpersEscape2.0\Library\ScriptAssemblies\Unity.Timeline.dll
Symbol file LoadedFromMemory is not a mono symbol file
Symbol file data-000002686AD3B470 doesn't match image E:\school\Spring 2022\370 GameDev\GitEscape\JumpersEscape\JumpersEscape2.0\Library\ScriptAssemblies\Unity.RenderPipelines.ShaderGraph.ShaderGraphLibrary.dll
Symbol file LoadedFromMemory is not a mono symbol file
Symbol file data-0000026872E07EE0 doesn't match image E:\school\Spring 2022\370 GameDev\GitEscape\JumpersEscape\JumpersEscape2.0\Library\ScriptAssemblies\Unity.TextMeshPro.dll
Symbol file LoadedFromMemory is not a mono symbol file
Symbol file data-0000026874C00450 doesn't match image E:\school\Spring 2022\370 GameDev\GitEscape\JumpersEscape\JumpersEscape2.0\Library\ScriptAssemblies\Unity.CollabProxy.Editor.dll
Symbol file LoadedFromMemory is not a mono symbol file
Symbol file data-000002686F15B750 doesn't match image E:\school\Spring 2022\370 GameDev\GitEscape\JumpersEscape\JumpersEscape2.0\Library\ScriptAssemblies\Unity.Mathematics.Editor.dll
Symbol file LoadedFromMemory is not a mono symbol file
Symbol file data-0000026870B64020 doesn't match image E:\school\Spring 2022\370 GameDev\GitEscape\JumpersEscape\JumpersEscape2.0\Library\ScriptAssemblies\Unity.Searcher.Editor.dll
Symbol file LoadedFromMemory is not a mono symbol file
Symbol file data-000002686ADBDDB0 doesn't match image E:\school\Spring 2022\370 GameDev\GitEscape\JumpersEscape\JumpersEscape2.0\Library\ScriptAssemblies\UnityEditor.TestRunner.dll
Symbol file LoadedFromMemory is not a mono symbol file
Symbol file data-0000026874815020 doesn't match image E:\school\Spring 2022\370 GameDev\GitEscape\JumpersEscape\JumpersEscape2.0\Library\ScriptAssemblies\Unity.RenderPipelines.Core.Runtime.dll
Symbol file LoadedFromMemory is not a mono symbol file
Symbol file data-000002687033E2A0 doesn't match image E:\school\Spring 2022\370 GameDev\GitEscape\JumpersEscape\JumpersEscape2.0\Library\ScriptAssemblies\Unity.ShaderGraph.Utilities.dll
Symbol file LoadedFromMemory is not a mono symbol file
Symbol file data-0000026874A42C10 doesn't match image E:\school\Spring 2022\370 GameDev\GitEscape\JumpersEscape\JumpersEscape2.0\Library\ScriptAssemblies\UnityEditor.UI.dll
Symbol file LoadedFromMemory is not a mono symbol file
Symbol file data-0000026874A00780 doesn't match image E:\school\Spring 2022\370 GameDev\GitEscape\JumpersEscape\JumpersEscape2.0\Library\ScriptAssemblies\Unity.PlasticSCM.Editor.dll
Symbol file LoadedFromMemory is not a mono symbol file
Symbol file data-0000026872BD4010 doesn't match image E:\school\Spring 2022\370 GameDev\GitEscape\JumpersEscape\JumpersEscape2.0\Library\ScriptAssemblies\Unity.Rider.Editor.dll
Symbol file LoadedFromMemory is not a mono symbol file
Symbol file data-00000268707F6330 doesn't match image E:\school\Spring 2022\370 GameDev\GitEscape\JumpersEscape\JumpersEscape2.0\Library\ScriptAssemblies\Unity.RenderPipelines.Core.ShaderLibrary.dll
Symbol file LoadedFromMemory is not a mono symbol file
Symbol file data-0000026874052030 doesn't match image E:\school\Spring 2022\370 GameDev\GitEscape\JumpersEscape\JumpersEscape2.0\Library\ScriptAssemblies\UnityEngine.UI.dll
Symbol file LoadedFromMemory is not a mono symbol file
Symbol file data-0000026874815020 doesn't match image E:\school\Spring 2022\370 GameDev\GitEscape\JumpersEscape\JumpersEscape2.0\Library\ScriptAssemblies\Unity.RenderPipelines.Core.Editor.dll
Symbol file LoadedFromMemory is not a mono symbol file
Symbol file data-0000026870D16040 doesn't match image E:\school\Spring 2022\370 GameDev\GitEscape\JumpersEscape\JumpersEscape2.0\Library\ScriptAssemblies\Unity.Mathematics.dll
Symbol file LoadedFromMemory is not a mono symbol file
Native extension for WindowsStandalone target not found
Refreshing native plugins compatible for Editor in 0.57 ms, found 2 plugins.
Preloading 0 native plugins for Editor in 0.00 ms.
Mono: successfully reloaded assembly
- Completed reload, in  1.524 seconds
Domain Reload Profiling:
	ReloadAssembly (1524ms)
		BeginReloadAssembly (149ms)
			ExecutionOrderSort (0ms)
			DisableScriptedObjects (6ms)
			BackupInstance (0ms)
			ReleaseScriptingObjects (0ms)
			CreateAndSetChildDomain (43ms)
		EndReloadAssembly (1300ms)
			LoadAssemblies (133ms)
			RebuildTransferFunctionScriptingTraits (0ms)
			SetupTypeCache (392ms)
			ReleaseScriptCaches (1ms)
			RebuildScriptCaches (50ms)
			SetupLoadedEditorAssemblies (623ms)
				LogAssemblyErrors (0ms)
				InitializePlatformSupportModulesInManaged (5ms)
				SetLoadedEditorAssemblies (1ms)
				RefreshPlugins (1ms)
				BeforeProcessingInitializeOnLoad (91ms)
				ProcessInitializeOnLoadAttributes (517ms)
				ProcessInitializeOnLoadMethodAttributes (7ms)
				AfterProcessingInitializeOnLoad (2ms)
				EditorAssembliesLoaded (0ms)
			ExecutionOrderSort2 (0ms)
			AwakeInstancesAfterBackupRestoration (11ms)
Platform modules already initialized, skipping
Shader 'Universal Render Pipeline/Particles/Lit': fallback shader 'Universal Render Pipeline/Particles/SimpleLit' not found
Refreshing native plugins compatible for Editor in 0.50 ms, found 2 plugins.
Preloading 0 native plugins for Editor in 0.00 ms.
Unloading 2610 Unused Serialized files (Serialized files now loaded: 0)
System memory in use before: 187.4 MB.
System memory in use after: 187.6 MB.

Unloading 14 unused Assets to reduce memory usage. Loaded Objects now: 3168.
Total: 4.414800 ms (FindLiveObjects: 0.283400 ms CreateObjectMapping: 0.103000 ms MarkObjects: 4.001400 ms  DeleteObjects: 0.025100 ms)

AssetImportParameters requested are different than current active one (requested -> active):
  custom:framework-win-MediaFoundation: 216162199b28c13a410421893ffa2e32 -> 
  custom:video-decoder-ogg-theora: a1e56fd34408186e4bbccfd4996cb3dc -> 
  custom:container-muxer-webm: aa71ff27fc2769a1b78a27578f13a17b -> 
  custom:container-demuxer-webm: 4f35f7cbe854078d1ac9338744f61a02 -> 
  custom:container-demuxer-ogg: 62fdf1f143b41e24485cea50d1cbac27 -> 
  custom:video-encoder-webm-vp8: eb34c28f22e8b96e1ab97ce403110664 -> 
  custom:video-codec-MediaFoundation-h265: 746d11721c4dcdbdad8f713fa42b33f4 -> 
  custom:video-decoder-webm-vp8: 9c59270c3fd7afecdb556c50c9e8de78 -> 
  custom:audio-decoder-ogg-vorbis: bf7c407c2cedff20999df2af8eb42d56 -> 
  custom:audio-encoder-webm-vorbis: bf7c407c2cedff20999df2af8eb42d56 -> 
========================================================================
Received Prepare
Registering precompiled user dll's ...
Registered in 0.003868 seconds.
Begin MonoManager ReloadAssembly
Symbol file data-000002686EDE7020 doesn't match image E:\school\Spring 2022\370 GameDev\GitEscape\JumpersEscape\JumpersEscape2.0\Library\ScriptAssemblies\Unity.ShaderGraph.Editor.dll
Symbol file LoadedFromMemory is not a mono symbol file
Symbol file data-000002687383C070 doesn't match image E:\school\Spring 2022\370 GameDev\GitEscape\JumpersEscape\JumpersEscape2.0\Library\ScriptAssemblies\Unity.VSCode.Editor.dll
Symbol file LoadedFromMemory is not a mono symbol file
Symbol file data-000002686AD3DC70 doesn't match image E:\school\Spring 2022\370 GameDev\GitEscape\JumpersEscape\JumpersEscape2.0\Library\ScriptAssemblies\Unity.RenderPipelines.Universal.Shaders.dll
Symbol file LoadedFromMemory is not a mono symbol file
Symbol file data-0000026876EDFF70 doesn't match image E:\school\Spring 2022\370 GameDev\GitEscape\JumpersEscape\JumpersEscape2.0\Library\ScriptAssemblies\Unity.RenderPipelines.Universal.Editor.dll
Symbol file LoadedFromMemory is not a mono symbol file
Symbol file data-0000026872AA6020 doesn't match image E:\school\Spring 2022\370 GameDev\GitEscape\JumpersEscape\JumpersEscape2.0\Library\ScriptAssemblies\Unity.RenderPipelines.Universal.Runtime.dll
Symbol file LoadedFromMemory is not a mono symbol file
Symbol file data-0000026877664040 doesn't match image E:\school\Spring 2022\370 GameDev\GitEscape\JumpersEscape\JumpersEscape2.0\Library\ScriptAssemblies\Unity.TextMeshPro.Editor.dll
Symbol file LoadedFromMemory is not a mono symbol file
Symbol file data-000002686AB3B000 doesn't match image E:\school\Spring 2022\370 GameDev\GitEscape\JumpersEscape\JumpersEscape2.0\Library\ScriptAssemblies\Unity.VisualStudio.Editor.dll
Symbol file LoadedFromMemory is not a mono symbol file
Symbol file data-0000026874682030 doesn't match image E:\school\Spring 2022\370 GameDev\GitEscape\JumpersEscape\JumpersEscape2.0\Library\ScriptAssemblies\UnityEngine.TestRunner.dll
Symbol file LoadedFromMemory is not a mono symbol file
Symbol file data-000002686AD3B470 doesn't match image E:\school\Spring 2022\370 GameDev\GitEscape\JumpersEscape\JumpersEscape2.0\Library\ScriptAssemblies\Unity.RenderPipeline.Universal.ShaderLibrary.dll
Symbol file LoadedFromMemory is not a mono symbol file
Symbol file data-000002686EECF090 doesn't match image E:\school\Spring 2022\370 GameDev\GitEscape\JumpersEscape\JumpersEscape2.0\Library\ScriptAssemblies\Unity.Timeline.Editor.dll
Symbol file LoadedFromMemory is not a mono symbol file
Symbol file data-000002686B06D030 doesn't match image E:\school\Spring 2022\370 GameDev\GitEscape\JumpersEscape\JumpersEscape2.0\Library\ScriptAssemblies\Unity.Timeline.dll
Symbol file LoadedFromMemory is not a mono symbol file
Symbol file data-000002686AD3B470 doesn't match image E:\school\Spring 2022\370 GameDev\GitEscape\JumpersEscape\JumpersEscape2.0\Library\ScriptAssemblies\Unity.RenderPipelines.ShaderGraph.ShaderGraphLibrary.dll
Symbol file LoadedFromMemory is not a mono symbol file
Symbol file data-0000026874EB7010 doesn't match image E:\school\Spring 2022\370 GameDev\GitEscape\JumpersEscape\JumpersEscape2.0\Library\ScriptAssemblies\Unity.TextMeshPro.dll
Symbol file LoadedFromMemory is not a mono symbol file
Symbol file data-0000026872F95010 doesn't match image E:\school\Spring 2022\370 GameDev\GitEscape\JumpersEscape\JumpersEscape2.0\Library\ScriptAssemblies\Unity.CollabProxy.Editor.dll
Symbol file LoadedFromMemory is not a mono symbol file
Symbol file data-0000026874E6C020 doesn't match image E:\school\Spring 2022\370 GameDev\GitEscape\JumpersEscape\JumpersEscape2.0\Library\ScriptAssemblies\Unity.Mathematics.Editor.dll
Symbol file LoadedFromMemory is not a mono symbol file
Symbol file data-000002687638B010 doesn't match image E:\school\Spring 2022\370 GameDev\GitEscape\JumpersEscape\JumpersEscape2.0\Library\ScriptAssemblies\Unity.Searcher.Editor.dll
Symbol file LoadedFromMemory is not a mono symbol file
Symbol file data-0000026874CBE5D0 doesn't match image E:\school\Spring 2022\370 GameDev\GitEscape\JumpersEscape\JumpersEscape2.0\Library\ScriptAssemblies\UnityEditor.TestRunner.dll
Symbol file LoadedFromMemory is not a mono symbol file
Symbol file data-00000268786E8030 doesn't match image E:\school\Spring 2022\370 GameDev\GitEscape\JumpersEscape\JumpersEscape2.0\Library\ScriptAssemblies\Unity.RenderPipelines.Core.Runtime.dll
Symbol file LoadedFromMemory is not a mono symbol file
Symbol file data-000002687033B500 doesn't match image E:\school\Spring 2022\370 GameDev\GitEscape\JumpersEscape\JumpersEscape2.0\Library\ScriptAssemblies\Unity.ShaderGraph.Utilities.dll
Symbol file LoadedFromMemory is not a mono symbol file
Symbol file data-0000026874B61030 doesn't match image E:\school\Spring 2022\370 GameDev\GitEscape\JumpersEscape\JumpersEscape2.0\Library\ScriptAssemblies\UnityEditor.UI.dll
Symbol file LoadedFromMemory is not a mono symbol file
Symbol file data-00000268725AC030 doesn't match image E:\school\Spring 2022\370 GameDev\GitEscape\JumpersEscape\JumpersEscape2.0\Library\ScriptAssemblies\Unity.PlasticSCM.Editor.dll
Symbol file LoadedFromMemory is not a mono symbol file
Symbol file data-0000026872872C70 doesn't match image E:\school\Spring 2022\370 GameDev\GitEscape\JumpersEscape\JumpersEscape2.0\Library\ScriptAssemblies\Unity.Rider.Editor.dll
Symbol file LoadedFromMemory is not a mono symbol file
Symbol file data-00000268707FA530 doesn't match image E:\school\Spring 2022\370 GameDev\GitEscape\JumpersEscape\JumpersEscape2.0\Library\ScriptAssemblies\Unity.RenderPipelines.Core.ShaderLibrary.dll
Symbol file LoadedFromMemory is not a mono symbol file
Symbol file data-0000026876EDFF70 doesn't match image E:\school\Spring 2022\370 GameDev\GitEscape\JumpersEscape\JumpersEscape2.0\Library\ScriptAssemblies\UnityEngine.UI.dll
Symbol file LoadedFromMemory is not a mono symbol file
Symbol file data-0000026874815020 doesn't match image E:\school\Spring 2022\370 GameDev\GitEscape\JumpersEscape\JumpersEscape2.0\Library\ScriptAssemblies\Unity.RenderPipelines.Core.Editor.dll
Symbol file LoadedFromMemory is not a mono symbol file
Symbol file data-0000026870D16040 doesn't match image E:\school\Spring 2022\370 GameDev\GitEscape\JumpersEscape\JumpersEscape2.0\Library\ScriptAssemblies\Unity.Mathematics.dll
Symbol file LoadedFromMemory is not a mono symbol file
Native extension for WindowsStandalone target not found
Refreshing native plugins compatible for Editor in 0.65 ms, found 2 plugins.
Preloading 0 native plugins for Editor in 0.00 ms.
Mono: successfully reloaded assembly
- Completed reload, in  1.515 seconds
Domain Reload Profiling:
	ReloadAssembly (1516ms)
		BeginReloadAssembly (132ms)
			ExecutionOrderSort (0ms)
			DisableScriptedObjects (5ms)
			BackupInstance (0ms)
			ReleaseScriptingObjects (0ms)
			CreateAndSetChildDomain (40ms)
		EndReloadAssembly (1318ms)
			LoadAssemblies (115ms)
			RebuildTransferFunctionScriptingTraits (0ms)
			SetupTypeCache (356ms)
			ReleaseScriptCaches (1ms)
			RebuildScriptCaches (44ms)
			SetupLoadedEditorAssemblies (690ms)
				LogAssemblyErrors (0ms)
				InitializePlatformSupportModulesInManaged (5ms)
				SetLoadedEditorAssemblies (1ms)
				RefreshPlugins (1ms)
				BeforeProcessingInitializeOnLoad (101ms)
				ProcessInitializeOnLoadAttributes (575ms)
				ProcessInitializeOnLoadMethodAttributes (4ms)
				AfterProcessingInitializeOnLoad (2ms)
				EditorAssembliesLoaded (0ms)
			ExecutionOrderSort2 (0ms)
			AwakeInstancesAfterBackupRestoration (10ms)
Platform modules already initialized, skipping
Shader 'Universal Render Pipeline/Particles/Lit': fallback shader 'Universal Render Pipeline/Particles/SimpleLit' not found
Refreshing native plugins compatible for Editor in 0.62 ms, found 2 plugins.
Preloading 0 native plugins for Editor in 0.00 ms.
Unloading 2610 Unused Serialized files (Serialized files now loaded: 0)
System memory in use before: 187.4 MB.
System memory in use after: 187.6 MB.

Unloading 14 unused Assets to reduce memory usage. Loaded Objects now: 3170.
Total: 4.874900 ms (FindLiveObjects: 0.367000 ms CreateObjectMapping: 0.184400 ms MarkObjects: 4.287800 ms  DeleteObjects: 0.025000 ms)

AssetImportParameters requested are different than current active one (requested -> active):
  custom:framework-win-MediaFoundation: 216162199b28c13a410421893ffa2e32 -> 
  custom:video-decoder-ogg-theora: a1e56fd34408186e4bbccfd4996cb3dc -> 
  custom:container-muxer-webm: aa71ff27fc2769a1b78a27578f13a17b -> 
  custom:container-demuxer-webm: 4f35f7cbe854078d1ac9338744f61a02 -> 
  custom:container-demuxer-ogg: 62fdf1f143b41e24485cea50d1cbac27 -> 
  custom:video-encoder-webm-vp8: eb34c28f22e8b96e1ab97ce403110664 -> 
  custom:video-codec-MediaFoundation-h265: 746d11721c4dcdbdad8f713fa42b33f4 -> 
  custom:video-decoder-webm-vp8: 9c59270c3fd7afecdb556c50c9e8de78 -> 
  custom:audio-decoder-ogg-vorbis: bf7c407c2cedff20999df2af8eb42d56 -> 
  custom:audio-encoder-webm-vorbis: bf7c407c2cedff20999df2af8eb42d56 -> 
========================================================================
Received Import Request.
  Time since last request: 119.905421 seconds.
  path: Assets/Prefabs/SlowDown.prefab
  artifactKey: Guid(d37fa700cf850684b8a4ebb96d3bab7f) Importer(815301076,1909f56bfc062723c751e8b465ee728b)
Start importing Assets/Prefabs/SlowDown.prefab using Guid(d37fa700cf850684b8a4ebb96d3bab7f) Importer(815301076,1909f56bfc062723c751e8b465ee728b)  -> (artifact id: '0b06cfadd79139b9f1d7f2207d04ae6b') in 0.260080 seconds 
  Import took 0.265493 seconds .

========================================================================
Received Import Request.
  Time since last request: 0.000311 seconds.
  path: Assets/Prefabs/SpeedUp.prefab
  artifactKey: Guid(529f86fd7018c1c4da2f6c09868574a6) Importer(815301076,1909f56bfc062723c751e8b465ee728b)
Start importing Assets/Prefabs/SpeedUp.prefab using Guid(529f86fd7018c1c4da2f6c09868574a6) Importer(815301076,1909f56bfc062723c751e8b465ee728b)  -> (artifact id: '2baedaac1757f728aac3c34d07eccde1') in 0.024120 seconds 
  Import took 0.029206 seconds .

========================================================================
Received Prepare
Registering precompiled user dll's ...
Registered in 0.004988 seconds.
Begin MonoManager ReloadAssembly
Symbol file data-0000026874765CB0 doesn't match image E:\school\Spring 2022\370 GameDev\GitEscape\JumpersEscape\JumpersEscape2.0\Library\ScriptAssemblies\Unity.ShaderGraph.Editor.dll
Symbol file LoadedFromMemory is not a mono symbol file
Symbol file data-0000026874250370 doesn't match image E:\school\Spring 2022\370 GameDev\GitEscape\JumpersEscape\JumpersEscape2.0\Library\ScriptAssemblies\Unity.VSCode.Editor.dll
Symbol file LoadedFromMemory is not a mono symbol file
Symbol file data-000002686AD3CC70 doesn't match image E:\school\Spring 2022\370 GameDev\GitEscape\JumpersEscape\JumpersEscape2.0\Library\ScriptAssemblies\Unity.RenderPipelines.Universal.Shaders.dll
Symbol file LoadedFromMemory is not a mono symbol file
Symbol file data-00000268734AA010 doesn't match image E:\school\Spring 2022\370 GameDev\GitEscape\JumpersEscape\JumpersEscape2.0\Library\ScriptAssemblies\Unity.RenderPipelines.Universal.Editor.dll
Symbol file LoadedFromMemory is not a mono symbol file
Symbol file data-000002686AA9C010 doesn't match image E:\school\Spring 2022\370 GameDev\GitEscape\JumpersEscape\JumpersEscape2.0\Library\ScriptAssemblies\Unity.RenderPipelines.Universal.Runtime.dll
Symbol file LoadedFromMemory is not a mono symbol file
Symbol file data-0000026870BAF220 doesn't match image E:\school\Spring 2022\370 GameDev\GitEscape\JumpersEscape\JumpersEscape2.0\Library\ScriptAssemblies\Unity.TextMeshPro.Editor.dll
Symbol file LoadedFromMemory is not a mono symbol file
Symbol file data-000002686AB3B000 doesn't match image E:\school\Spring 2022\370 GameDev\GitEscape\JumpersEscape\JumpersEscape2.0\Library\ScriptAssemblies\Unity.VisualStudio.Editor.dll
Symbol file LoadedFromMemory is not a mono symbol file
Symbol file data-00000268725F81A0 doesn't match image E:\school\Spring 2022\370 GameDev\GitEscape\JumpersEscape\JumpersEscape2.0\Library\ScriptAssemblies\UnityEngine.TestRunner.dll
Symbol file LoadedFromMemory is not a mono symbol file
Symbol file data-000002686AD3C870 doesn't match image E:\school\Spring 2022\370 GameDev\GitEscape\JumpersEscape\JumpersEscape2.0\Library\ScriptAssemblies\Unity.RenderPipeline.Universal.ShaderLibrary.dll
Symbol file LoadedFromMemory is not a mono symbol file
Symbol file data-000002687894D870 doesn't match image E:\school\Spring 2022\370 GameDev\GitEscape\JumpersEscape\JumpersEscape2.0\Library\ScriptAssemblies\Unity.Timeline.Editor.dll
Symbol file LoadedFromMemory is not a mono symbol file
Symbol file data-0000026872EF9030 doesn't match image E:\school\Spring 2022\370 GameDev\GitEscape\JumpersEscape\JumpersEscape2.0\Library\ScriptAssemblies\Unity.Timeline.dll
Symbol file LoadedFromMemory is not a mono symbol file
Symbol file data-000002686AD3D670 doesn't match image E:\school\Spring 2022\370 GameDev\GitEscape\JumpersEscape\JumpersEscape2.0\Library\ScriptAssemblies\Unity.RenderPipelines.ShaderGraph.ShaderGraphLibrary.dll
Symbol file LoadedFromMemory is not a mono symbol file
Symbol file data-0000026874859C20 doesn't match image E:\school\Spring 2022\370 GameDev\GitEscape\JumpersEscape\JumpersEscape2.0\Library\ScriptAssemblies\Unity.TextMeshPro.dll
Symbol file LoadedFromMemory is not a mono symbol file
Symbol file data-00000268725F81A0 doesn't match image E:\school\Spring 2022\370 GameDev\GitEscape\JumpersEscape\JumpersEscape2.0\Library\ScriptAssemblies\Unity.CollabProxy.Editor.dll
Symbol file LoadedFromMemory is not a mono symbol file
Symbol file data-000002687504FAA0 doesn't match image E:\school\Spring 2022\370 GameDev\GitEscape\JumpersEscape\JumpersEscape2.0\Library\ScriptAssemblies\Unity.Mathematics.Editor.dll
Symbol file LoadedFromMemory is not a mono symbol file
Symbol file data-000002686ABCBC20 doesn't match image E:\school\Spring 2022\370 GameDev\GitEscape\JumpersEscape\JumpersEscape2.0\Library\ScriptAssemblies\Unity.Searcher.Editor.dll
Symbol file LoadedFromMemory is not a mono symbol file
Symbol file data-000002687383E080 doesn't match image E:\school\Spring 2022\370 GameDev\GitEscape\JumpersEscape\JumpersEscape2.0\Library\ScriptAssemblies\UnityEditor.TestRunner.dll
Symbol file LoadedFromMemory is not a mono symbol file
Symbol file data-00000268745F40F0 doesn't match image E:\school\Spring 2022\370 GameDev\GitEscape\JumpersEscape\JumpersEscape2.0\Library\ScriptAssemblies\Unity.RenderPipelines.Core.Runtime.dll
Symbol file LoadedFromMemory is not a mono symbol file
Symbol file data-00000268753736D0 doesn't match image E:\school\Spring 2022\370 GameDev\GitEscape\JumpersEscape\JumpersEscape2.0\Library\ScriptAssemblies\Unity.ShaderGraph.Utilities.dll
Symbol file LoadedFromMemory is not a mono symbol file
Symbol file data-0000026874278CA0 doesn't match image E:\school\Spring 2022\370 GameDev\GitEscape\JumpersEscape\JumpersEscape2.0\Library\ScriptAssemblies\UnityEditor.UI.dll
Symbol file LoadedFromMemory is not a mono symbol file
Symbol file data-000002686F003010 doesn't match image E:\school\Spring 2022\370 GameDev\GitEscape\JumpersEscape\JumpersEscape2.0\Library\ScriptAssemblies\Unity.PlasticSCM.Editor.dll
Symbol file LoadedFromMemory is not a mono symbol file
Symbol file data-000002687271CC90 doesn't match image E:\school\Spring 2022\370 GameDev\GitEscape\JumpersEscape\JumpersEscape2.0\Library\ScriptAssemblies\Unity.Rider.Editor.dll
Symbol file LoadedFromMemory is not a mono symbol file
Symbol file data-00000268729DE290 doesn't match image E:\school\Spring 2022\370 GameDev\GitEscape\JumpersEscape\JumpersEscape2.0\Library\ScriptAssemblies\Unity.RenderPipelines.Core.ShaderLibrary.dll
Symbol file LoadedFromMemory is not a mono symbol file
Symbol file data-00000268734AA010 doesn't match image E:\school\Spring 2022\370 GameDev\GitEscape\JumpersEscape\JumpersEscape2.0\Library\ScriptAssemblies\UnityEngine.UI.dll
Symbol file LoadedFromMemory is not a mono symbol file
Symbol file data-0000026874815020 doesn't match image E:\school\Spring 2022\370 GameDev\GitEscape\JumpersEscape\JumpersEscape2.0\Library\ScriptAssemblies\Unity.RenderPipelines.Core.Editor.dll
Symbol file LoadedFromMemory is not a mono symbol file
Symbol file data-000002686EECF090 doesn't match image E:\school\Spring 2022\370 GameDev\GitEscape\JumpersEscape\JumpersEscape2.0\Library\ScriptAssemblies\Unity.Mathematics.dll
Symbol file LoadedFromMemory is not a mono symbol file
Native extension for WindowsStandalone target not found
Refreshing native plugins compatible for Editor in 0.54 ms, found 2 plugins.
Preloading 0 native plugins for Editor in 0.00 ms.
Mono: successfully reloaded assembly
- Completed reload, in  1.442 seconds
Domain Reload Profiling:
	ReloadAssembly (1443ms)
		BeginReloadAssembly (159ms)
			ExecutionOrderSort (0ms)
			DisableScriptedObjects (11ms)
			BackupInstance (0ms)
			ReleaseScriptingObjects (0ms)
			CreateAndSetChildDomain (42ms)
		EndReloadAssembly (1218ms)
			LoadAssemblies (116ms)
			RebuildTransferFunctionScriptingTraits (0ms)
			SetupTypeCache (332ms)
			ReleaseScriptCaches (1ms)
			RebuildScriptCaches (43ms)
			SetupLoadedEditorAssemblies (587ms)
				LogAssemblyErrors (0ms)
				InitializePlatformSupportModulesInManaged (4ms)
				SetLoadedEditorAssemblies (1ms)
				RefreshPlugins (1ms)
				BeforeProcessingInitializeOnLoad (85ms)
				ProcessInitializeOnLoadAttributes (490ms)
				ProcessInitializeOnLoadMethodAttributes (4ms)
				AfterProcessingInitializeOnLoad (2ms)
				EditorAssembliesLoaded (0ms)
			ExecutionOrderSort2 (0ms)
			AwakeInstancesAfterBackupRestoration (19ms)
Platform modules already initialized, skipping
Shader 'Universal Render Pipeline/Particles/Lit': fallback shader 'Universal Render Pipeline/Particles/SimpleLit' not found
Refreshing native plugins compatible for Editor in 0.59 ms, found 2 plugins.
Preloading 0 native plugins for Editor in 0.00 ms.
Unloading 2610 Unused Serialized files (Serialized files now loaded: 0)
System memory in use before: 192.8 MB.
System memory in use after: 193.0 MB.

Unloading 14 unused Assets to reduce memory usage. Loaded Objects now: 3218.
Total: 4.475600 ms (FindLiveObjects: 0.345600 ms CreateObjectMapping: 0.202600 ms MarkObjects: 3.902000 ms  DeleteObjects: 0.023800 ms)

AssetImportParameters requested are different than current active one (requested -> active):
  custom:framework-win-MediaFoundation: 216162199b28c13a410421893ffa2e32 -> 
  custom:video-decoder-ogg-theora: a1e56fd34408186e4bbccfd4996cb3dc -> 
  custom:container-muxer-webm: aa71ff27fc2769a1b78a27578f13a17b -> 
  custom:container-demuxer-webm: 4f35f7cbe854078d1ac9338744f61a02 -> 
  custom:container-demuxer-ogg: 62fdf1f143b41e24485cea50d1cbac27 -> 
  custom:video-encoder-webm-vp8: eb34c28f22e8b96e1ab97ce403110664 -> 
  custom:video-codec-MediaFoundation-h265: 746d11721c4dcdbdad8f713fa42b33f4 -> 
  custom:video-decoder-webm-vp8: 9c59270c3fd7afecdb556c50c9e8de78 -> 
  custom:audio-decoder-ogg-vorbis: bf7c407c2cedff20999df2af8eb42d56 -> 
  custom:audio-encoder-webm-vorbis: bf7c407c2cedff20999df2af8eb42d56 -> 
AssetImportWorkerClient::OnTransportError - code=2 error=End of file
